2009-07-02 13:24:16,607 ERROR [errorlog] java.io.FileNotFoundException: /home/pnw/soapui/trunk/core/src\test-resources\chameleon\chameleon.wsdl (No such file or directory)
java.io.FileNotFoundException: /home/pnw/soapui/trunk/core/src\test-resources\chameleon\chameleon.wsdl (No such file or directory)
	at java.io.FileInputStream.open(Native Method)
	at java.io.FileInputStream.<init>(FileInputStream.java:106)
	at java.io.FileInputStream.<init>(FileInputStream.java:66)
	at sun.net.www.protocol.file.FileURLConnection.connect(FileURLConnection.java:70)
	at sun.net.www.protocol.file.FileURLConnection.getInputStream(FileURLConnection.java:161)
	at java.net.URL.openStream(URL.java:1009)
	at com.eviware.soapui.impl.wsdl.support.wsdl.UrlWsdlLoader.handleFile(UrlWsdlLoader.java:187)
	at com.eviware.soapui.impl.wsdl.support.wsdl.UrlWsdlLoader.load(UrlWsdlLoader.java:120)
	at com.eviware.soapui.impl.wsdl.support.wsdl.WsdlLoader.loadXmlObject(WsdlLoader.java:107)
	at com.eviware.soapui.impl.wsdl.support.xsd.SchemaUtils.getSchemas(SchemaUtils.java:344)
	at com.eviware.soapui.impl.wsdl.support.xsd.SchemaUtils.getSchemas(SchemaUtils.java:310)
	at com.eviware.soapui.impl.wsdl.support.xsd.SchemaUtils.loadSchemaTypes(SchemaUtils.java:179)
	at com.eviware.soapui.impl.wsdl.support.SchemaUtilsDefaultNSTestCase.testLoadNS(SchemaUtilsDefaultNSTestCase.java:28)
	at sun.reflect.NativeMethodAccessorImpl.invoke0(Native Method)
	at sun.reflect.NativeMethodAccessorImpl.invoke(NativeMethodAccessorImpl.java:39)
	at sun.reflect.DelegatingMethodAccessorImpl.invoke(DelegatingMethodAccessorImpl.java:25)
	at java.lang.reflect.Method.invoke(Method.java:597)
	at junit.framework.TestCase.runTest(TestCase.java:168)
	at junit.framework.TestCase.runBare(TestCase.java:134)
	at junit.framework.TestResult$1.protect(TestResult.java:110)
	at junit.framework.TestResult.runProtected(TestResult.java:128)
	at junit.framework.TestResult.run(TestResult.java:113)
	at junit.framework.TestCase.run(TestCase.java:124)
	at junit.framework.TestSuite.runTest(TestSuite.java:232)
	at junit.framework.TestSuite.run(TestSuite.java:227)
	at org.junit.internal.runners.JUnit38ClassRunner.run(JUnit38ClassRunner.java:81)
	at org.apache.maven.surefire.junit4.JUnit4TestSet.execute(JUnit4TestSet.java:62)
	at org.apache.maven.surefire.suite.AbstractDirectoryTestSuite.executeTestSet(AbstractDirectoryTestSuite.java:140)
	at org.apache.maven.surefire.suite.AbstractDirectoryTestSuite.execute(AbstractDirectoryTestSuite.java:127)
	at org.apache.maven.surefire.Surefire.run(Surefire.java:177)
	at sun.reflect.NativeMethodAccessorImpl.invoke0(Native Method)
	at sun.reflect.NativeMethodAccessorImpl.invoke(NativeMethodAccessorImpl.java:39)
	at sun.reflect.DelegatingMethodAccessorImpl.invoke(DelegatingMethodAccessorImpl.java:25)
	at java.lang.reflect.Method.invoke(Method.java:597)
	at org.apache.maven.surefire.booter.SurefireBooter.runSuitesInProcess(SurefireBooter.java:338)
	at org.apache.maven.surefire.booter.SurefireBooter.main(SurefireBooter.java:997)
2009-07-02 13:24:16,616 ERROR [errorlog] com.eviware.soapui.impl.wsdl.support.xsd.SchemaException
com.eviware.soapui.impl.wsdl.support.xsd.SchemaException
	at com.eviware.soapui.impl.wsdl.support.xsd.SchemaUtils.getSchemas(SchemaUtils.java:476)
	at com.eviware.soapui.impl.wsdl.support.xsd.SchemaUtils.getSchemas(SchemaUtils.java:310)
	at com.eviware.soapui.impl.wsdl.support.xsd.SchemaUtils.loadSchemaTypes(SchemaUtils.java:179)
	at com.eviware.soapui.impl.wsdl.support.SchemaUtilsDefaultNSTestCase.testLoadNS(SchemaUtilsDefaultNSTestCase.java:28)
	at sun.reflect.NativeMethodAccessorImpl.invoke0(Native Method)
	at sun.reflect.NativeMethodAccessorImpl.invoke(NativeMethodAccessorImpl.java:39)
	at sun.reflect.DelegatingMethodAccessorImpl.invoke(DelegatingMethodAccessorImpl.java:25)
	at java.lang.reflect.Method.invoke(Method.java:597)
	at junit.framework.TestCase.runTest(TestCase.java:168)
	at junit.framework.TestCase.runBare(TestCase.java:134)
	at junit.framework.TestResult$1.protect(TestResult.java:110)
	at junit.framework.TestResult.runProtected(TestResult.java:128)
	at junit.framework.TestResult.run(TestResult.java:113)
	at junit.framework.TestCase.run(TestCase.java:124)
	at junit.framework.TestSuite.runTest(TestSuite.java:232)
	at junit.framework.TestSuite.run(TestSuite.java:227)
	at org.junit.internal.runners.JUnit38ClassRunner.run(JUnit38ClassRunner.java:81)
	at org.apache.maven.surefire.junit4.JUnit4TestSet.execute(JUnit4TestSet.java:62)
	at org.apache.maven.surefire.suite.AbstractDirectoryTestSuite.executeTestSet(AbstractDirectoryTestSuite.java:140)
	at org.apache.maven.surefire.suite.AbstractDirectoryTestSuite.execute(AbstractDirectoryTestSuite.java:127)
	at org.apache.maven.surefire.Surefire.run(Surefire.java:177)
	at sun.reflect.NativeMethodAccessorImpl.invoke0(Native Method)
	at sun.reflect.NativeMethodAccessorImpl.invoke(NativeMethodAccessorImpl.java:39)
	at sun.reflect.DelegatingMethodAccessorImpl.invoke(DelegatingMethodAccessorImpl.java:25)
	at java.lang.reflect.Method.invoke(Method.java:597)
	at org.apache.maven.surefire.booter.SurefireBooter.runSuitesInProcess(SurefireBooter.java:338)
	at org.apache.maven.surefire.booter.SurefireBooter.main(SurefireBooter.java:997)
2009-07-02 13:24:18,494 ERROR [errorlog] javax.wsdl.WSDLException: WSDLException (at /html): faultCode=INVALID_WSDL: Expected element '{http://schemas.xmlsoap.org/wsdl/}definitions'.
javax.wsdl.WSDLException: WSDLException (at /html): faultCode=INVALID_WSDL: Expected element '{http://schemas.xmlsoap.org/wsdl/}definitions'.
	at com.ibm.wsdl.xml.WSDLReaderImpl.checkElementName(Unknown Source)
	at com.ibm.wsdl.xml.WSDLReaderImpl.parseDefinitions(Unknown Source)
	at com.ibm.wsdl.xml.WSDLReaderImpl.readWSDL(Unknown Source)
	at com.ibm.wsdl.xml.WSDLReaderImpl.readWSDL(Unknown Source)
	at com.ibm.wsdl.xml.WSDLReaderImpl.readWSDL(Unknown Source)
	at com.ibm.wsdl.xml.WSDLReaderImpl.readWSDL(Unknown Source)
	at com.ibm.wsdl.xml.WSDLReaderImpl.readWSDL(Unknown Source)
	at com.eviware.soapui.impl.wsdl.support.wsdl.WsdlInterfaceDefinition.load(WsdlInterfaceDefinition.java:47)
	at com.eviware.soapui.impl.wsdl.support.wsdl.WsdlContext.loadDefinition(WsdlContext.java:66)
	at com.eviware.soapui.impl.wsdl.support.wsdl.WsdlContext.loadDefinition(WsdlContext.java:30)
	at com.eviware.soapui.impl.support.definition.support.AbstractDefinitionContext.cacheDefinition(AbstractDefinitionContext.java:264)
	at com.eviware.soapui.impl.support.definition.support.AbstractDefinitionContext.access$400(AbstractDefinitionContext.java:44)
	at com.eviware.soapui.impl.support.definition.support.AbstractDefinitionContext$Loader.construct(AbstractDefinitionContext.java:230)
	at com.eviware.soapui.support.swing.SwingWorkerDelegator.construct(SwingWorkerDelegator.java:46)
	at com.eviware.soapui.support.swing.SwingWorker$2.run(SwingWorker.java:140)
	at java.lang.Thread.run(Thread.java:619)
2009-07-02 13:24:18,504 ERROR [errorlog] java.lang.Exception: javax.wsdl.WSDLException: WSDLException (at /html): faultCode=INVALID_WSDL: Expected element '{http://schemas.xmlsoap.org/wsdl/}definitions'.
java.lang.Exception: javax.wsdl.WSDLException: WSDLException (at /html): faultCode=INVALID_WSDL: Expected element '{http://schemas.xmlsoap.org/wsdl/}definitions'.
	at com.eviware.soapui.impl.support.definition.support.AbstractDefinitionContext.load(AbstractDefinitionContext.java:157)
	at com.eviware.soapui.impl.wsdl.support.wsdl.WsdlImporter.importWsdl(WsdlImporter.java:81)
	at com.eviware.soapui.impl.WsdlInterfaceFactory.importWsdl(WsdlInterfaceFactory.java:73)
	at com.eviware.soapui.impl.WsdlInterfaceFactory.importWsdl(WsdlInterfaceFactory.java:55)
	at com.eviware.soapui.impl.wsdl.mocksuite.MockServiceTestCase.testMockOperation(MockServiceTestCase.java:32)
	at sun.reflect.NativeMethodAccessorImpl.invoke0(Native Method)
	at sun.reflect.NativeMethodAccessorImpl.invoke(NativeMethodAccessorImpl.java:39)
	at sun.reflect.DelegatingMethodAccessorImpl.invoke(DelegatingMethodAccessorImpl.java:25)
	at java.lang.reflect.Method.invoke(Method.java:597)
	at junit.framework.TestCase.runTest(TestCase.java:168)
	at junit.framework.TestCase.runBare(TestCase.java:134)
	at junit.framework.TestResult$1.protect(TestResult.java:110)
	at junit.framework.TestResult.runProtected(TestResult.java:128)
	at junit.framework.TestResult.run(TestResult.java:113)
	at junit.framework.TestCase.run(TestCase.java:124)
	at junit.framework.TestSuite.runTest(TestSuite.java:232)
	at junit.framework.TestSuite.run(TestSuite.java:227)
	at org.junit.internal.runners.JUnit38ClassRunner.run(JUnit38ClassRunner.java:81)
	at org.apache.maven.surefire.junit4.JUnit4TestSet.execute(JUnit4TestSet.java:62)
	at org.apache.maven.surefire.suite.AbstractDirectoryTestSuite.executeTestSet(AbstractDirectoryTestSuite.java:140)
	at org.apache.maven.surefire.suite.AbstractDirectoryTestSuite.execute(AbstractDirectoryTestSuite.java:127)
	at org.apache.maven.surefire.Surefire.run(Surefire.java:177)
	at sun.reflect.NativeMethodAccessorImpl.invoke0(Native Method)
	at sun.reflect.NativeMethodAccessorImpl.invoke(NativeMethodAccessorImpl.java:39)
	at sun.reflect.DelegatingMethodAccessorImpl.invoke(DelegatingMethodAccessorImpl.java:25)
	at java.lang.reflect.Method.invoke(Method.java:597)
	at org.apache.maven.surefire.booter.SurefireBooter.runSuitesInProcess(SurefireBooter.java:338)
	at org.apache.maven.surefire.booter.SurefireBooter.main(SurefireBooter.java:997)
Caused by: javax.wsdl.WSDLException: WSDLException (at /html): faultCode=INVALID_WSDL: Expected element '{http://schemas.xmlsoap.org/wsdl/}definitions'.
	at com.ibm.wsdl.xml.WSDLReaderImpl.checkElementName(Unknown Source)
	at com.ibm.wsdl.xml.WSDLReaderImpl.parseDefinitions(Unknown Source)
	at com.ibm.wsdl.xml.WSDLReaderImpl.readWSDL(Unknown Source)
	at com.ibm.wsdl.xml.WSDLReaderImpl.readWSDL(Unknown Source)
	at com.ibm.wsdl.xml.WSDLReaderImpl.readWSDL(Unknown Source)
	at com.ibm.wsdl.xml.WSDLReaderImpl.readWSDL(Unknown Source)
	at com.ibm.wsdl.xml.WSDLReaderImpl.readWSDL(Unknown Source)
	at com.eviware.soapui.impl.wsdl.support.wsdl.WsdlInterfaceDefinition.load(WsdlInterfaceDefinition.java:47)
	at com.eviware.soapui.impl.wsdl.support.wsdl.WsdlContext.loadDefinition(WsdlContext.java:66)
	at com.eviware.soapui.impl.wsdl.support.wsdl.WsdlContext.loadDefinition(WsdlContext.java:30)
	at com.eviware.soapui.impl.support.definition.support.AbstractDefinitionContext.cacheDefinition(AbstractDefinitionContext.java:264)
	at com.eviware.soapui.impl.support.definition.support.AbstractDefinitionContext.access$400(AbstractDefinitionContext.java:44)
	at com.eviware.soapui.impl.support.definition.support.AbstractDefinitionContext$Loader.construct(AbstractDefinitionContext.java:230)
	at com.eviware.soapui.support.swing.SwingWorkerDelegator.construct(SwingWorkerDelegator.java:46)
	at com.eviware.soapui.support.swing.SwingWorker$2.run(SwingWorker.java:140)
	at java.lang.Thread.run(Thread.java:619)
2009-07-02 13:24:20,102 ERROR [errorlog] javax.wsdl.WSDLException: WSDLException (at /html): faultCode=INVALID_WSDL: Expected element '{http://schemas.xmlsoap.org/wsdl/}definitions'.
javax.wsdl.WSDLException: WSDLException (at /html): faultCode=INVALID_WSDL: Expected element '{http://schemas.xmlsoap.org/wsdl/}definitions'.
	at com.ibm.wsdl.xml.WSDLReaderImpl.checkElementName(Unknown Source)
	at com.ibm.wsdl.xml.WSDLReaderImpl.parseDefinitions(Unknown Source)
	at com.ibm.wsdl.xml.WSDLReaderImpl.readWSDL(Unknown Source)
	at com.ibm.wsdl.xml.WSDLReaderImpl.readWSDL(Unknown Source)
	at com.ibm.wsdl.xml.WSDLReaderImpl.readWSDL(Unknown Source)
	at com.ibm.wsdl.xml.WSDLReaderImpl.readWSDL(Unknown Source)
	at com.ibm.wsdl.xml.WSDLReaderImpl.readWSDL(Unknown Source)
	at com.eviware.soapui.impl.wsdl.support.wsdl.WsdlInterfaceDefinition.load(WsdlInterfaceDefinition.java:47)
	at com.eviware.soapui.impl.wsdl.support.wsdl.WsdlContext.loadDefinition(WsdlContext.java:66)
	at com.eviware.soapui.impl.wsdl.support.wsdl.WsdlContext.loadDefinition(WsdlContext.java:30)
	at com.eviware.soapui.impl.support.definition.support.AbstractDefinitionContext.cacheDefinition(AbstractDefinitionContext.java:264)
	at com.eviware.soapui.impl.support.definition.support.AbstractDefinitionContext.access$400(AbstractDefinitionContext.java:44)
	at com.eviware.soapui.impl.support.definition.support.AbstractDefinitionContext$Loader.construct(AbstractDefinitionContext.java:230)
	at com.eviware.soapui.support.swing.SwingWorkerDelegator.construct(SwingWorkerDelegator.java:46)
	at com.eviware.soapui.support.swing.SwingWorker$2.run(SwingWorker.java:140)
	at java.lang.Thread.run(Thread.java:619)
2009-07-02 13:24:21,184 ERROR [errorlog] java.io.FileNotFoundException: /home/pnw/soapui/trunk/core/src\test-resources\test1\TestService.wsdl (No such file or directory)
java.io.FileNotFoundException: /home/pnw/soapui/trunk/core/src\test-resources\test1\TestService.wsdl (No such file or directory)
	at java.io.FileInputStream.open(Native Method)
	at java.io.FileInputStream.<init>(FileInputStream.java:106)
	at java.io.FileInputStream.<init>(FileInputStream.java:66)
	at sun.net.www.protocol.file.FileURLConnection.connect(FileURLConnection.java:70)
	at sun.net.www.protocol.file.FileURLConnection.getInputStream(FileURLConnection.java:161)
	at java.net.URL.openStream(URL.java:1009)
	at com.eviware.soapui.impl.wsdl.support.wsdl.UrlWsdlLoader.handleFile(UrlWsdlLoader.java:187)
	at com.eviware.soapui.impl.wsdl.support.wsdl.UrlWsdlLoader.load(UrlWsdlLoader.java:120)
	at com.eviware.soapui.impl.wsdl.support.wsdl.WsdlLoader.loadXmlObject(WsdlLoader.java:107)
	at com.eviware.soapui.impl.wsdl.support.xsd.SchemaUtils.getSchemas(SchemaUtils.java:344)
	at com.eviware.soapui.impl.wsdl.support.xsd.SchemaUtils.getSchemas(SchemaUtils.java:310)
	at com.eviware.soapui.impl.wsdl.support.xsd.SchemaUtils.loadSchemaTypes(SchemaUtils.java:179)
	at com.eviware.soapui.impl.wsdl.support.SchemaUtilsTestCase.validate(SchemaUtilsTestCase.java:107)
	at com.eviware.soapui.impl.wsdl.support.SchemaUtilsTestCase.testFileImport(SchemaUtilsTestCase.java:30)
	at sun.reflect.NativeMethodAccessorImpl.invoke0(Native Method)
	at sun.reflect.NativeMethodAccessorImpl.invoke(NativeMethodAccessorImpl.java:39)
	at sun.reflect.DelegatingMethodAccessorImpl.invoke(DelegatingMethodAccessorImpl.java:25)
	at java.lang.reflect.Method.invoke(Method.java:597)
	at junit.framework.TestCase.runTest(TestCase.java:168)
	at junit.framework.TestCase.runBare(TestCase.java:134)
	at junit.framework.TestResult$1.protect(TestResult.java:110)
	at junit.framework.TestResult.runProtected(TestResult.java:128)
	at junit.framework.TestResult.run(TestResult.java:113)
	at junit.framework.TestCase.run(TestCase.java:124)
	at junit.framework.TestSuite.runTest(TestSuite.java:232)
	at junit.framework.TestSuite.run(TestSuite.java:227)
	at org.junit.internal.runners.JUnit38ClassRunner.run(JUnit38ClassRunner.java:81)
	at org.apache.maven.surefire.junit4.JUnit4TestSet.execute(JUnit4TestSet.java:62)
	at org.apache.maven.surefire.suite.AbstractDirectoryTestSuite.executeTestSet(AbstractDirectoryTestSuite.java:140)
	at org.apache.maven.surefire.suite.AbstractDirectoryTestSuite.execute(AbstractDirectoryTestSuite.java:127)
	at org.apache.maven.surefire.Surefire.run(Surefire.java:177)
	at sun.reflect.NativeMethodAccessorImpl.invoke0(Native Method)
	at sun.reflect.NativeMethodAccessorImpl.invoke(NativeMethodAccessorImpl.java:39)
	at sun.reflect.DelegatingMethodAccessorImpl.invoke(DelegatingMethodAccessorImpl.java:25)
	at java.lang.reflect.Method.invoke(Method.java:597)
	at org.apache.maven.surefire.booter.SurefireBooter.runSuitesInProcess(SurefireBooter.java:338)
	at org.apache.maven.surefire.booter.SurefireBooter.main(SurefireBooter.java:997)
2009-07-02 13:24:21,195 ERROR [errorlog] com.eviware.soapui.impl.wsdl.support.xsd.SchemaException
com.eviware.soapui.impl.wsdl.support.xsd.SchemaException
	at com.eviware.soapui.impl.wsdl.support.xsd.SchemaUtils.getSchemas(SchemaUtils.java:476)
	at com.eviware.soapui.impl.wsdl.support.xsd.SchemaUtils.getSchemas(SchemaUtils.java:310)
	at com.eviware.soapui.impl.wsdl.support.xsd.SchemaUtils.loadSchemaTypes(SchemaUtils.java:179)
	at com.eviware.soapui.impl.wsdl.support.SchemaUtilsTestCase.validate(SchemaUtilsTestCase.java:107)
	at com.eviware.soapui.impl.wsdl.support.SchemaUtilsTestCase.testFileImport(SchemaUtilsTestCase.java:30)
	at sun.reflect.NativeMethodAccessorImpl.invoke0(Native Method)
	at sun.reflect.NativeMethodAccessorImpl.invoke(NativeMethodAccessorImpl.java:39)
	at sun.reflect.DelegatingMethodAccessorImpl.invoke(DelegatingMethodAccessorImpl.java:25)
	at java.lang.reflect.Method.invoke(Method.java:597)
	at junit.framework.TestCase.runTest(TestCase.java:168)
	at junit.framework.TestCase.runBare(TestCase.java:134)
	at junit.framework.TestResult$1.protect(TestResult.java:110)
	at junit.framework.TestResult.runProtected(TestResult.java:128)
	at junit.framework.TestResult.run(TestResult.java:113)
	at junit.framework.TestCase.run(TestCase.java:124)
	at junit.framework.TestSuite.runTest(TestSuite.java:232)
	at junit.framework.TestSuite.run(TestSuite.java:227)
	at org.junit.internal.runners.JUnit38ClassRunner.run(JUnit38ClassRunner.java:81)
	at org.apache.maven.surefire.junit4.JUnit4TestSet.execute(JUnit4TestSet.java:62)
	at org.apache.maven.surefire.suite.AbstractDirectoryTestSuite.executeTestSet(AbstractDirectoryTestSuite.java:140)
	at org.apache.maven.surefire.suite.AbstractDirectoryTestSuite.execute(AbstractDirectoryTestSuite.java:127)
	at org.apache.maven.surefire.Surefire.run(Surefire.java:177)
	at sun.reflect.NativeMethodAccessorImpl.invoke0(Native Method)
	at sun.reflect.NativeMethodAccessorImpl.invoke(NativeMethodAccessorImpl.java:39)
	at sun.reflect.DelegatingMethodAccessorImpl.invoke(DelegatingMethodAccessorImpl.java:25)
	at java.lang.reflect.Method.invoke(Method.java:597)
	at org.apache.maven.surefire.booter.SurefireBooter.runSuitesInProcess(SurefireBooter.java:338)
	at org.apache.maven.surefire.booter.SurefireBooter.main(SurefireBooter.java:997)
2009-07-02 13:24:28,262 ERROR [errorlog] java.io.FileNotFoundException: /home/pnw/soapui/trunk/core/src\test-resources\wadl\YahooSearch.wadl (No such file or directory)
java.io.FileNotFoundException: /home/pnw/soapui/trunk/core/src\test-resources\wadl\YahooSearch.wadl (No such file or directory)
	at java.io.FileInputStream.open(Native Method)
	at java.io.FileInputStream.<init>(FileInputStream.java:106)
	at java.io.FileInputStream.<init>(FileInputStream.java:66)
	at sun.net.www.protocol.file.FileURLConnection.connect(FileURLConnection.java:70)
	at sun.net.www.protocol.file.FileURLConnection.getInputStream(FileURLConnection.java:161)
	at org.apache.xmlbeans.impl.schema.SchemaTypeLoaderBase.parse(SchemaTypeLoaderBase.java:308)
	at org.apache.xmlbeans.XmlObject$Factory.parse(XmlObject.java:657)
	at com.eviware.soapui.impl.wsdl.support.UrlSchemaLoader.loadXmlObject(UrlSchemaLoader.java:33)
	at com.eviware.soapui.impl.wsdl.support.xsd.SchemaUtils.getSchemas(SchemaUtils.java:344)
	at com.eviware.soapui.impl.wsdl.support.xsd.SchemaUtils.getSchemas(SchemaUtils.java:310)
	at com.eviware.soapui.impl.wsdl.support.xsd.SchemaUtils.loadSchemaTypes(SchemaUtils.java:179)
	at com.eviware.soapui.impl.wsdl.support.SchemaUtilsTestCase.testWadlImport(SchemaUtilsTestCase.java:122)
	at sun.reflect.NativeMethodAccessorImpl.invoke0(Native Method)
	at sun.reflect.NativeMethodAccessorImpl.invoke(NativeMethodAccessorImpl.java:39)
	at sun.reflect.DelegatingMethodAccessorImpl.invoke(DelegatingMethodAccessorImpl.java:25)
	at java.lang.reflect.Method.invoke(Method.java:597)
	at junit.framework.TestCase.runTest(TestCase.java:168)
	at junit.framework.TestCase.runBare(TestCase.java:134)
	at junit.framework.TestResult$1.protect(TestResult.java:110)
	at junit.framework.TestResult.runProtected(TestResult.java:128)
	at junit.framework.TestResult.run(TestResult.java:113)
	at junit.framework.TestCase.run(TestCase.java:124)
	at junit.framework.TestSuite.runTest(TestSuite.java:232)
	at junit.framework.TestSuite.run(TestSuite.java:227)
	at org.junit.internal.runners.JUnit38ClassRunner.run(JUnit38ClassRunner.java:81)
	at org.apache.maven.surefire.junit4.JUnit4TestSet.execute(JUnit4TestSet.java:62)
	at org.apache.maven.surefire.suite.AbstractDirectoryTestSuite.executeTestSet(AbstractDirectoryTestSuite.java:140)
	at org.apache.maven.surefire.suite.AbstractDirectoryTestSuite.execute(AbstractDirectoryTestSuite.java:127)
	at org.apache.maven.surefire.Surefire.run(Surefire.java:177)
	at sun.reflect.NativeMethodAccessorImpl.invoke0(Native Method)
	at sun.reflect.NativeMethodAccessorImpl.invoke(NativeMethodAccessorImpl.java:39)
	at sun.reflect.DelegatingMethodAccessorImpl.invoke(DelegatingMethodAccessorImpl.java:25)
	at java.lang.reflect.Method.invoke(Method.java:597)
	at org.apache.maven.surefire.booter.SurefireBooter.runSuitesInProcess(SurefireBooter.java:338)
	at org.apache.maven.surefire.booter.SurefireBooter.main(SurefireBooter.java:997)
2009-07-02 13:24:28,269 ERROR [errorlog] com.eviware.soapui.impl.wsdl.support.xsd.SchemaException
com.eviware.soapui.impl.wsdl.support.xsd.SchemaException
	at com.eviware.soapui.impl.wsdl.support.xsd.SchemaUtils.getSchemas(SchemaUtils.java:476)
	at com.eviware.soapui.impl.wsdl.support.xsd.SchemaUtils.getSchemas(SchemaUtils.java:310)
	at com.eviware.soapui.impl.wsdl.support.xsd.SchemaUtils.loadSchemaTypes(SchemaUtils.java:179)
	at com.eviware.soapui.impl.wsdl.support.SchemaUtilsTestCase.testWadlImport(SchemaUtilsTestCase.java:122)
	at sun.reflect.NativeMethodAccessorImpl.invoke0(Native Method)
	at sun.reflect.NativeMethodAccessorImpl.invoke(NativeMethodAccessorImpl.java:39)
	at sun.reflect.DelegatingMethodAccessorImpl.invoke(DelegatingMethodAccessorImpl.java:25)
	at java.lang.reflect.Method.invoke(Method.java:597)
	at junit.framework.TestCase.runTest(TestCase.java:168)
	at junit.framework.TestCase.runBare(TestCase.java:134)
	at junit.framework.TestResult$1.protect(TestResult.java:110)
	at junit.framework.TestResult.runProtected(TestResult.java:128)
	at junit.framework.TestResult.run(TestResult.java:113)
	at junit.framework.TestCase.run(TestCase.java:124)
	at junit.framework.TestSuite.runTest(TestSuite.java:232)
	at junit.framework.TestSuite.run(TestSuite.java:227)
	at org.junit.internal.runners.JUnit38ClassRunner.run(JUnit38ClassRunner.java:81)
	at org.apache.maven.surefire.junit4.JUnit4TestSet.execute(JUnit4TestSet.java:62)
	at org.apache.maven.surefire.suite.AbstractDirectoryTestSuite.executeTestSet(AbstractDirectoryTestSuite.java:140)
	at org.apache.maven.surefire.suite.AbstractDirectoryTestSuite.execute(AbstractDirectoryTestSuite.java:127)
	at org.apache.maven.surefire.Surefire.run(Surefire.java:177)
	at sun.reflect.NativeMethodAccessorImpl.invoke0(Native Method)
	at sun.reflect.NativeMethodAccessorImpl.invoke(NativeMethodAccessorImpl.java:39)
	at sun.reflect.DelegatingMethodAccessorImpl.invoke(DelegatingMethodAccessorImpl.java:25)
	at java.lang.reflect.Method.invoke(Method.java:597)
	at org.apache.maven.surefire.booter.SurefireBooter.runSuitesInProcess(SurefireBooter.java:338)
	at org.apache.maven.surefire.booter.SurefireBooter.main(SurefireBooter.java:997)
2009-07-02 13:25:29,299 ERROR [errorlog] java.net.SocketTimeoutException: Read timed out
java.net.SocketTimeoutException: Read timed out
	at java.net.SocketInputStream.socketRead0(Native Method)
	at java.net.SocketInputStream.read(SocketInputStream.java:129)
	at java.io.BufferedInputStream.fill(BufferedInputStream.java:218)
	at java.io.BufferedInputStream.read(BufferedInputStream.java:237)
	at org.apache.commons.httpclient.HttpParser.readRawLine(HttpParser.java:78)
	at org.apache.commons.httpclient.HttpParser.readLine(HttpParser.java:106)
	at org.apache.commons.httpclient.HttpConnection.readLine(HttpConnection.java:1116)
	at com.eviware.soapui.impl.wsdl.support.http.SoapUIMultiThreadedHttpConnectionManager$HttpConnectionAdapter.readLine(SoapUIMultiThreadedHttpConnectionManager.java:1736)
	at org.apache.commons.httpclient.HttpMethodBase.readStatusLine(HttpMethodBase.java:1973)
	at org.apache.commons.httpclient.HttpMethodBase.readResponse(HttpMethodBase.java:1735)
	at com.eviware.soapui.impl.wsdl.submit.transports.http.support.methods.ExtendedPostMethod.readResponse(ExtendedPostMethod.java:55)
	at org.apache.commons.httpclient.HttpMethodBase.execute(HttpMethodBase.java:1098)
	at org.apache.commons.httpclient.HttpMethodDirector.executeWithRetry(HttpMethodDirector.java:398)
	at org.apache.commons.httpclient.HttpMethodDirector.executeMethod(HttpMethodDirector.java:171)
	at org.apache.commons.httpclient.HttpClient.executeMethod(HttpClient.java:397)
	at com.eviware.soapui.impl.wsdl.submit.transports.http.HttpClientRequestTransport.sendRequest(HttpClientRequestTransport.java:161)
	at com.eviware.soapui.impl.wsdl.WsdlSubmit.run(WsdlSubmit.java:115)
	at com.eviware.soapui.impl.wsdl.WsdlSubmit.submitRequest(WsdlSubmit.java:75)
	at com.eviware.soapui.impl.wsdl.WsdlRequest.submit(WsdlRequest.java:212)
	at com.eviware.soapui.impl.wsdl.teststeps.WsdlTestRequestStep.run(WsdlTestRequestStep.java:322)
	at com.eviware.soapui.impl.wsdl.teststeps.WsdlRequestStepTestCase.testAssert(WsdlRequestStepTestCase.java:40)
	at sun.reflect.NativeMethodAccessorImpl.invoke0(Native Method)
	at sun.reflect.NativeMethodAccessorImpl.invoke(NativeMethodAccessorImpl.java:39)
	at sun.reflect.DelegatingMethodAccessorImpl.invoke(DelegatingMethodAccessorImpl.java:25)
	at java.lang.reflect.Method.invoke(Method.java:597)
	at junit.framework.TestCase.runTest(TestCase.java:168)
	at junit.framework.TestCase.runBare(TestCase.java:134)
	at junit.framework.TestResult$1.protect(TestResult.java:110)
	at junit.framework.TestResult.runProtected(TestResult.java:128)
	at junit.framework.TestResult.run(TestResult.java:113)
	at junit.framework.TestCase.run(TestCase.java:124)
	at junit.framework.TestSuite.runTest(TestSuite.java:232)
	at junit.framework.TestSuite.run(TestSuite.java:227)
	at org.junit.internal.runners.JUnit38ClassRunner.run(JUnit38ClassRunner.java:81)
	at org.apache.maven.surefire.junit4.JUnit4TestSet.execute(JUnit4TestSet.java:62)
	at org.apache.maven.surefire.suite.AbstractDirectoryTestSuite.executeTestSet(AbstractDirectoryTestSuite.java:140)
	at org.apache.maven.surefire.suite.AbstractDirectoryTestSuite.execute(AbstractDirectoryTestSuite.java:127)
	at org.apache.maven.surefire.Surefire.run(Surefire.java:177)
	at sun.reflect.NativeMethodAccessorImpl.invoke0(Native Method)
	at sun.reflect.NativeMethodAccessorImpl.invoke(NativeMethodAccessorImpl.java:39)
	at sun.reflect.DelegatingMethodAccessorImpl.invoke(DelegatingMethodAccessorImpl.java:25)
	at java.lang.reflect.Method.invoke(Method.java:597)
	at org.apache.maven.surefire.booter.SurefireBooter.runSuitesInProcess(SurefireBooter.java:338)
	at org.apache.maven.surefire.booter.SurefireBooter.main(SurefireBooter.java:997)
2009-07-02 13:25:30,065 ERROR [errorlog] javax.wsdl.WSDLException: WSDLException (at /html): faultCode=INVALID_WSDL: Expected element '{http://schemas.xmlsoap.org/wsdl/}definitions'.
javax.wsdl.WSDLException: WSDLException (at /html): faultCode=INVALID_WSDL: Expected element '{http://schemas.xmlsoap.org/wsdl/}definitions'.
	at com.ibm.wsdl.xml.WSDLReaderImpl.checkElementName(Unknown Source)
	at com.ibm.wsdl.xml.WSDLReaderImpl.parseDefinitions(Unknown Source)
	at com.ibm.wsdl.xml.WSDLReaderImpl.readWSDL(Unknown Source)
	at com.ibm.wsdl.xml.WSDLReaderImpl.readWSDL(Unknown Source)
	at com.ibm.wsdl.xml.WSDLReaderImpl.readWSDL(Unknown Source)
	at com.ibm.wsdl.xml.WSDLReaderImpl.readWSDL(Unknown Source)
	at com.ibm.wsdl.xml.WSDLReaderImpl.readWSDL(Unknown Source)
	at com.eviware.soapui.impl.wsdl.support.wsdl.WsdlInterfaceDefinition.load(WsdlInterfaceDefinition.java:47)
	at com.eviware.soapui.impl.wsdl.support.wsdl.WsdlContext.loadDefinition(WsdlContext.java:66)
	at com.eviware.soapui.impl.wsdl.support.wsdl.WsdlContext.loadDefinition(WsdlContext.java:30)
	at com.eviware.soapui.impl.support.definition.support.AbstractDefinitionContext.cacheDefinition(AbstractDefinitionContext.java:264)
	at com.eviware.soapui.impl.support.definition.support.AbstractDefinitionContext.access$400(AbstractDefinitionContext.java:44)
	at com.eviware.soapui.impl.support.definition.support.AbstractDefinitionContext$Loader.construct(AbstractDefinitionContext.java:230)
	at com.eviware.soapui.support.swing.SwingWorkerDelegator.construct(SwingWorkerDelegator.java:46)
	at com.eviware.soapui.support.swing.SwingWorker$2.run(SwingWorker.java:140)
	at java.lang.Thread.run(Thread.java:619)
2009-07-02 13:25:30,187 ERROR [errorlog] javax.wsdl.WSDLException: WSDLException (at /html): faultCode=INVALID_WSDL: Expected element '{http://schemas.xmlsoap.org/wsdl/}definitions'.
javax.wsdl.WSDLException: WSDLException (at /html): faultCode=INVALID_WSDL: Expected element '{http://schemas.xmlsoap.org/wsdl/}definitions'.
	at com.ibm.wsdl.xml.WSDLReaderImpl.checkElementName(Unknown Source)
	at com.ibm.wsdl.xml.WSDLReaderImpl.parseDefinitions(Unknown Source)
	at com.ibm.wsdl.xml.WSDLReaderImpl.readWSDL(Unknown Source)
	at com.ibm.wsdl.xml.WSDLReaderImpl.readWSDL(Unknown Source)
	at com.ibm.wsdl.xml.WSDLReaderImpl.readWSDL(Unknown Source)
	at com.ibm.wsdl.xml.WSDLReaderImpl.readWSDL(Unknown Source)
	at com.ibm.wsdl.xml.WSDLReaderImpl.readWSDL(Unknown Source)
	at com.eviware.soapui.impl.wsdl.support.wsdl.WsdlInterfaceDefinition.load(WsdlInterfaceDefinition.java:47)
	at com.eviware.soapui.impl.wsdl.support.wsdl.WsdlContext.loadDefinition(WsdlContext.java:66)
	at com.eviware.soapui.impl.wsdl.support.wsdl.WsdlContext.loadDefinition(WsdlContext.java:30)
	at com.eviware.soapui.impl.support.definition.support.AbstractDefinitionContext.cacheDefinition(AbstractDefinitionContext.java:264)
	at com.eviware.soapui.impl.support.definition.support.AbstractDefinitionContext.access$400(AbstractDefinitionContext.java:44)
	at com.eviware.soapui.impl.support.definition.support.AbstractDefinitionContext$Loader.construct(AbstractDefinitionContext.java:230)
	at com.eviware.soapui.support.swing.SwingWorkerDelegator.construct(SwingWorkerDelegator.java:46)
	at com.eviware.soapui.support.swing.SwingWorker$2.run(SwingWorker.java:140)
	at java.lang.Thread.run(Thread.java:619)
2009-07-02 13:25:30,314 ERROR [errorlog] javax.wsdl.WSDLException: WSDLException (at /html): faultCode=INVALID_WSDL: Expected element '{http://schemas.xmlsoap.org/wsdl/}definitions'.
javax.wsdl.WSDLException: WSDLException (at /html): faultCode=INVALID_WSDL: Expected element '{http://schemas.xmlsoap.org/wsdl/}definitions'.
	at com.ibm.wsdl.xml.WSDLReaderImpl.checkElementName(Unknown Source)
	at com.ibm.wsdl.xml.WSDLReaderImpl.parseDefinitions(Unknown Source)
	at com.ibm.wsdl.xml.WSDLReaderImpl.readWSDL(Unknown Source)
	at com.ibm.wsdl.xml.WSDLReaderImpl.readWSDL(Unknown Source)
	at com.ibm.wsdl.xml.WSDLReaderImpl.readWSDL(Unknown Source)
	at com.ibm.wsdl.xml.WSDLReaderImpl.readWSDL(Unknown Source)
	at com.ibm.wsdl.xml.WSDLReaderImpl.readWSDL(Unknown Source)
	at com.eviware.soapui.impl.wsdl.support.wsdl.WsdlInterfaceDefinition.load(WsdlInterfaceDefinition.java:47)
	at com.eviware.soapui.impl.wsdl.support.wsdl.WsdlContext.loadDefinition(WsdlContext.java:66)
	at com.eviware.soapui.impl.wsdl.support.wsdl.WsdlContext.loadDefinition(WsdlContext.java:30)
	at com.eviware.soapui.impl.support.definition.support.AbstractDefinitionContext.cacheDefinition(AbstractDefinitionContext.java:264)
	at com.eviware.soapui.impl.support.definition.support.AbstractDefinitionContext.access$400(AbstractDefinitionContext.java:44)
	at com.eviware.soapui.impl.support.definition.support.AbstractDefinitionContext$Loader.construct(AbstractDefinitionContext.java:230)
	at com.eviware.soapui.support.swing.SwingWorkerDelegator.construct(SwingWorkerDelegator.java:46)
	at com.eviware.soapui.support.swing.SwingWorker$2.run(SwingWorker.java:140)
	at java.lang.Thread.run(Thread.java:619)
2009-07-02 13:25:30,319 ERROR [errorlog] java.lang.Exception: javax.wsdl.WSDLException: WSDLException (at /html): faultCode=INVALID_WSDL: Expected element '{http://schemas.xmlsoap.org/wsdl/}definitions'.
java.lang.Exception: javax.wsdl.WSDLException: WSDLException (at /html): faultCode=INVALID_WSDL: Expected element '{http://schemas.xmlsoap.org/wsdl/}definitions'.
	at com.eviware.soapui.impl.support.definition.support.AbstractDefinitionContext.load(AbstractDefinitionContext.java:157)
	at com.eviware.soapui.impl.wsdl.support.wsdl.WsdlImporter.importWsdl(WsdlImporter.java:81)
	at com.eviware.soapui.impl.WsdlInterfaceFactory.importWsdl(WsdlInterfaceFactory.java:73)
	at com.eviware.soapui.impl.WsdlInterfaceFactory.importWsdl(WsdlInterfaceFactory.java:55)
	at com.eviware.soapui.impl.wsdl.teststeps.MockResponseStepTestCase.testMockResponseStep(MockResponseStepTestCase.java:41)
	at sun.reflect.NativeMethodAccessorImpl.invoke0(Native Method)
	at sun.reflect.NativeMethodAccessorImpl.invoke(NativeMethodAccessorImpl.java:39)
	at sun.reflect.DelegatingMethodAccessorImpl.invoke(DelegatingMethodAccessorImpl.java:25)
	at java.lang.reflect.Method.invoke(Method.java:597)
	at junit.framework.TestCase.runTest(TestCase.java:168)
	at junit.framework.TestCase.runBare(TestCase.java:134)
	at junit.framework.TestResult$1.protect(TestResult.java:110)
	at junit.framework.TestResult.runProtected(TestResult.java:128)
	at junit.framework.TestResult.run(TestResult.java:113)
	at junit.framework.TestCase.run(TestCase.java:124)
	at junit.framework.TestSuite.runTest(TestSuite.java:232)
	at junit.framework.TestSuite.run(TestSuite.java:227)
	at org.junit.internal.runners.JUnit38ClassRunner.run(JUnit38ClassRunner.java:81)
	at org.apache.maven.surefire.junit4.JUnit4TestSet.execute(JUnit4TestSet.java:62)
	at org.apache.maven.surefire.suite.AbstractDirectoryTestSuite.executeTestSet(AbstractDirectoryTestSuite.java:140)
	at org.apache.maven.surefire.suite.AbstractDirectoryTestSuite.execute(AbstractDirectoryTestSuite.java:127)
	at org.apache.maven.surefire.Surefire.run(Surefire.java:177)
	at sun.reflect.NativeMethodAccessorImpl.invoke0(Native Method)
	at sun.reflect.NativeMethodAccessorImpl.invoke(NativeMethodAccessorImpl.java:39)
	at sun.reflect.DelegatingMethodAccessorImpl.invoke(DelegatingMethodAccessorImpl.java:25)
	at java.lang.reflect.Method.invoke(Method.java:597)
	at org.apache.maven.surefire.booter.SurefireBooter.runSuitesInProcess(SurefireBooter.java:338)
	at org.apache.maven.surefire.booter.SurefireBooter.main(SurefireBooter.java:997)
Caused by: javax.wsdl.WSDLException: WSDLException (at /html): faultCode=INVALID_WSDL: Expected element '{http://schemas.xmlsoap.org/wsdl/}definitions'.
	at com.ibm.wsdl.xml.WSDLReaderImpl.checkElementName(Unknown Source)
	at com.ibm.wsdl.xml.WSDLReaderImpl.parseDefinitions(Unknown Source)
	at com.ibm.wsdl.xml.WSDLReaderImpl.readWSDL(Unknown Source)
	at com.ibm.wsdl.xml.WSDLReaderImpl.readWSDL(Unknown Source)
	at com.ibm.wsdl.xml.WSDLReaderImpl.readWSDL(Unknown Source)
	at com.ibm.wsdl.xml.WSDLReaderImpl.readWSDL(Unknown Source)
	at com.ibm.wsdl.xml.WSDLReaderImpl.readWSDL(Unknown Source)
	at com.eviware.soapui.impl.wsdl.support.wsdl.WsdlInterfaceDefinition.load(WsdlInterfaceDefinition.java:47)
	at com.eviware.soapui.impl.wsdl.support.wsdl.WsdlContext.loadDefinition(WsdlContext.java:66)
	at com.eviware.soapui.impl.wsdl.support.wsdl.WsdlContext.loadDefinition(WsdlContext.java:30)
	at com.eviware.soapui.impl.support.definition.support.AbstractDefinitionContext.cacheDefinition(AbstractDefinitionContext.java:264)
	at com.eviware.soapui.impl.support.definition.support.AbstractDefinitionContext.access$400(AbstractDefinitionContext.java:44)
	at com.eviware.soapui.impl.support.definition.support.AbstractDefinitionContext$Loader.construct(AbstractDefinitionContext.java:230)
	at com.eviware.soapui.support.swing.SwingWorkerDelegator.construct(SwingWorkerDelegator.java:46)
	at com.eviware.soapui.support.swing.SwingWorker$2.run(SwingWorker.java:140)
	at java.lang.Thread.run(Thread.java:619)
2009-07-02 13:25:30,415 ERROR [errorlog] javax.wsdl.WSDLException: WSDLException (at /html): faultCode=INVALID_WSDL: Expected element '{http://schemas.xmlsoap.org/wsdl/}definitions'.
javax.wsdl.WSDLException: WSDLException (at /html): faultCode=INVALID_WSDL: Expected element '{http://schemas.xmlsoap.org/wsdl/}definitions'.
	at com.ibm.wsdl.xml.WSDLReaderImpl.checkElementName(Unknown Source)
	at com.ibm.wsdl.xml.WSDLReaderImpl.parseDefinitions(Unknown Source)
	at com.ibm.wsdl.xml.WSDLReaderImpl.readWSDL(Unknown Source)
	at com.ibm.wsdl.xml.WSDLReaderImpl.readWSDL(Unknown Source)
	at com.ibm.wsdl.xml.WSDLReaderImpl.readWSDL(Unknown Source)
	at com.ibm.wsdl.xml.WSDLReaderImpl.readWSDL(Unknown Source)
	at com.ibm.wsdl.xml.WSDLReaderImpl.readWSDL(Unknown Source)
	at com.eviware.soapui.impl.wsdl.support.wsdl.WsdlInterfaceDefinition.load(WsdlInterfaceDefinition.java:47)
	at com.eviware.soapui.impl.wsdl.support.wsdl.WsdlContext.loadDefinition(WsdlContext.java:66)
	at com.eviware.soapui.impl.wsdl.support.wsdl.WsdlContext.loadDefinition(WsdlContext.java:30)
	at com.eviware.soapui.impl.support.definition.support.AbstractDefinitionContext.cacheDefinition(AbstractDefinitionContext.java:264)
	at com.eviware.soapui.impl.support.definition.support.AbstractDefinitionContext.access$400(AbstractDefinitionContext.java:44)
	at com.eviware.soapui.impl.support.definition.support.AbstractDefinitionContext$Loader.construct(AbstractDefinitionContext.java:230)
	at com.eviware.soapui.support.swing.SwingWorkerDelegator.construct(SwingWorkerDelegator.java:46)
	at com.eviware.soapui.support.swing.SwingWorker$2.run(SwingWorker.java:140)
	at java.lang.Thread.run(Thread.java:619)
2009-07-02 13:25:30,422 ERROR [errorlog] java.lang.Exception: javax.wsdl.WSDLException: WSDLException (at /html): faultCode=INVALID_WSDL: Expected element '{http://schemas.xmlsoap.org/wsdl/}definitions'.
java.lang.Exception: javax.wsdl.WSDLException: WSDLException (at /html): faultCode=INVALID_WSDL: Expected element '{http://schemas.xmlsoap.org/wsdl/}definitions'.
	at com.eviware.soapui.impl.support.definition.support.AbstractDefinitionContext.load(AbstractDefinitionContext.java:157)
	at com.eviware.soapui.impl.wsdl.support.wsdl.WsdlImporter.importWsdl(WsdlImporter.java:81)
	at com.eviware.soapui.impl.WsdlInterfaceFactory.importWsdl(WsdlInterfaceFactory.java:73)
	at com.eviware.soapui.impl.WsdlInterfaceFactory.importWsdl(WsdlInterfaceFactory.java:55)
	at com.eviware.soapui.impl.wsdl.WsdlRequestTestCase.testRequest(WsdlRequestTestCase.java:28)
	at sun.reflect.NativeMethodAccessorImpl.invoke0(Native Method)
	at sun.reflect.NativeMethodAccessorImpl.invoke(NativeMethodAccessorImpl.java:39)
	at sun.reflect.DelegatingMethodAccessorImpl.invoke(DelegatingMethodAccessorImpl.java:25)
	at java.lang.reflect.Method.invoke(Method.java:597)
	at junit.framework.TestCase.runTest(TestCase.java:168)
	at junit.framework.TestCase.runBare(TestCase.java:134)
	at junit.framework.TestResult$1.protect(TestResult.java:110)
	at junit.framework.TestResult.runProtected(TestResult.java:128)
	at junit.framework.TestResult.run(TestResult.java:113)
	at junit.framework.TestCase.run(TestCase.java:124)
	at junit.framework.TestSuite.runTest(TestSuite.java:232)
	at junit.framework.TestSuite.run(TestSuite.java:227)
	at org.junit.internal.runners.JUnit38ClassRunner.run(JUnit38ClassRunner.java:81)
	at org.apache.maven.surefire.junit4.JUnit4TestSet.execute(JUnit4TestSet.java:62)
	at org.apache.maven.surefire.suite.AbstractDirectoryTestSuite.executeTestSet(AbstractDirectoryTestSuite.java:140)
	at org.apache.maven.surefire.suite.AbstractDirectoryTestSuite.execute(AbstractDirectoryTestSuite.java:127)
	at org.apache.maven.surefire.Surefire.run(Surefire.java:177)
	at sun.reflect.NativeMethodAccessorImpl.invoke0(Native Method)
	at sun.reflect.NativeMethodAccessorImpl.invoke(NativeMethodAccessorImpl.java:39)
	at sun.reflect.DelegatingMethodAccessorImpl.invoke(DelegatingMethodAccessorImpl.java:25)
	at java.lang.reflect.Method.invoke(Method.java:597)
	at org.apache.maven.surefire.booter.SurefireBooter.runSuitesInProcess(SurefireBooter.java:338)
	at org.apache.maven.surefire.booter.SurefireBooter.main(SurefireBooter.java:997)
Caused by: javax.wsdl.WSDLException: WSDLException (at /html): faultCode=INVALID_WSDL: Expected element '{http://schemas.xmlsoap.org/wsdl/}definitions'.
	at com.ibm.wsdl.xml.WSDLReaderImpl.checkElementName(Unknown Source)
	at com.ibm.wsdl.xml.WSDLReaderImpl.parseDefinitions(Unknown Source)
	at com.ibm.wsdl.xml.WSDLReaderImpl.readWSDL(Unknown Source)
	at com.ibm.wsdl.xml.WSDLReaderImpl.readWSDL(Unknown Source)
	at com.ibm.wsdl.xml.WSDLReaderImpl.readWSDL(Unknown Source)
	at com.ibm.wsdl.xml.WSDLReaderImpl.readWSDL(Unknown Source)
	at com.ibm.wsdl.xml.WSDLReaderImpl.readWSDL(Unknown Source)
	at com.eviware.soapui.impl.wsdl.support.wsdl.WsdlInterfaceDefinition.load(WsdlInterfaceDefinition.java:47)
	at com.eviware.soapui.impl.wsdl.support.wsdl.WsdlContext.loadDefinition(WsdlContext.java:66)
	at com.eviware.soapui.impl.wsdl.support.wsdl.WsdlContext.loadDefinition(WsdlContext.java:30)
	at com.eviware.soapui.impl.support.definition.support.AbstractDefinitionContext.cacheDefinition(AbstractDefinitionContext.java:264)
	at com.eviware.soapui.impl.support.definition.support.AbstractDefinitionContext.access$400(AbstractDefinitionContext.java:44)
	at com.eviware.soapui.impl.support.definition.support.AbstractDefinitionContext$Loader.construct(AbstractDefinitionContext.java:230)
	at com.eviware.soapui.support.swing.SwingWorkerDelegator.construct(SwingWorkerDelegator.java:46)
	at com.eviware.soapui.support.swing.SwingWorker$2.run(SwingWorker.java:140)
	at java.lang.Thread.run(Thread.java:619)
2009-07-02 13:25:30,475 ERROR [errorlog] java.io.FileNotFoundException: /home/pnw/soapui/trunk/core/src\test-resources\MtomTest.wsdl (No such file or directory)
java.io.FileNotFoundException: /home/pnw/soapui/trunk/core/src\test-resources\MtomTest.wsdl (No such file or directory)
	at java.io.FileInputStream.open(Native Method)
	at java.io.FileInputStream.<init>(FileInputStream.java:106)
	at java.io.FileInputStream.<init>(FileInputStream.java:66)
	at sun.net.www.protocol.file.FileURLConnection.connect(FileURLConnection.java:70)
	at sun.net.www.protocol.file.FileURLConnection.getInputStream(FileURLConnection.java:161)
	at java.net.URL.openStream(URL.java:1009)
	at com.eviware.soapui.impl.wsdl.support.wsdl.UrlWsdlLoader.handleFile(UrlWsdlLoader.java:187)
	at com.eviware.soapui.impl.wsdl.support.wsdl.UrlWsdlLoader.load(UrlWsdlLoader.java:120)
	at com.eviware.soapui.impl.wsdl.support.wsdl.WsdlLoader.loadXmlObject(WsdlLoader.java:107)
	at com.eviware.soapui.impl.wsdl.support.xsd.SchemaUtils.getDefinitionParts(SchemaUtils.java:499)
	at com.eviware.soapui.impl.wsdl.support.xsd.SchemaUtils.getDefinitionParts(SchemaUtils.java:488)
	at com.eviware.soapui.impl.support.definition.support.AbstractDefinitionCache.update(AbstractDefinitionCache.java:95)
	at com.eviware.soapui.impl.support.definition.support.AbstractDefinitionContext$Loader.construct(AbstractDefinitionContext.java:221)
	at com.eviware.soapui.support.swing.SwingWorkerDelegator.construct(SwingWorkerDelegator.java:46)
	at com.eviware.soapui.support.swing.SwingWorker$2.run(SwingWorker.java:140)
	at java.lang.Thread.run(Thread.java:619)
2009-07-02 13:27:40,023 ERROR [errorlog] java.io.FileNotFoundException: /home/pnw/soapui/trunk/core/src\test-resources\chameleon\chameleon.wsdl (No such file or directory)
java.io.FileNotFoundException: /home/pnw/soapui/trunk/core/src\test-resources\chameleon\chameleon.wsdl (No such file or directory)
	at java.io.FileInputStream.open(Native Method)
	at java.io.FileInputStream.<init>(FileInputStream.java:106)
	at java.io.FileInputStream.<init>(FileInputStream.java:66)
	at sun.net.www.protocol.file.FileURLConnection.connect(FileURLConnection.java:70)
	at sun.net.www.protocol.file.FileURLConnection.getInputStream(FileURLConnection.java:161)
	at java.net.URL.openStream(URL.java:1009)
	at com.eviware.soapui.impl.wsdl.support.wsdl.UrlWsdlLoader.handleFile(UrlWsdlLoader.java:187)
	at com.eviware.soapui.impl.wsdl.support.wsdl.UrlWsdlLoader.load(UrlWsdlLoader.java:120)
	at com.eviware.soapui.impl.wsdl.support.wsdl.WsdlLoader.loadXmlObject(WsdlLoader.java:107)
	at com.eviware.soapui.impl.wsdl.support.xsd.SchemaUtils.getSchemas(SchemaUtils.java:344)
	at com.eviware.soapui.impl.wsdl.support.xsd.SchemaUtils.getSchemas(SchemaUtils.java:310)
	at com.eviware.soapui.impl.wsdl.support.xsd.SchemaUtils.loadSchemaTypes(SchemaUtils.java:179)
	at com.eviware.soapui.impl.wsdl.support.SchemaUtilsDefaultNSTestCase.testLoadNS(SchemaUtilsDefaultNSTestCase.java:28)
	at sun.reflect.NativeMethodAccessorImpl.invoke0(Native Method)
	at sun.reflect.NativeMethodAccessorImpl.invoke(NativeMethodAccessorImpl.java:39)
	at sun.reflect.DelegatingMethodAccessorImpl.invoke(DelegatingMethodAccessorImpl.java:25)
	at java.lang.reflect.Method.invoke(Method.java:597)
	at junit.framework.TestCase.runTest(TestCase.java:168)
	at junit.framework.TestCase.runBare(TestCase.java:134)
	at junit.framework.TestResult$1.protect(TestResult.java:110)
	at junit.framework.TestResult.runProtected(TestResult.java:128)
	at junit.framework.TestResult.run(TestResult.java:113)
	at junit.framework.TestCase.run(TestCase.java:124)
	at junit.framework.TestSuite.runTest(TestSuite.java:232)
	at junit.framework.TestSuite.run(TestSuite.java:227)
	at org.junit.internal.runners.JUnit38ClassRunner.run(JUnit38ClassRunner.java:81)
	at org.apache.maven.surefire.junit4.JUnit4TestSet.execute(JUnit4TestSet.java:62)
	at org.apache.maven.surefire.suite.AbstractDirectoryTestSuite.executeTestSet(AbstractDirectoryTestSuite.java:140)
	at org.apache.maven.surefire.suite.AbstractDirectoryTestSuite.execute(AbstractDirectoryTestSuite.java:127)
	at org.apache.maven.surefire.Surefire.run(Surefire.java:177)
	at sun.reflect.NativeMethodAccessorImpl.invoke0(Native Method)
	at sun.reflect.NativeMethodAccessorImpl.invoke(NativeMethodAccessorImpl.java:39)
	at sun.reflect.DelegatingMethodAccessorImpl.invoke(DelegatingMethodAccessorImpl.java:25)
	at java.lang.reflect.Method.invoke(Method.java:597)
	at org.apache.maven.surefire.booter.SurefireBooter.runSuitesInProcess(SurefireBooter.java:338)
	at org.apache.maven.surefire.booter.SurefireBooter.main(SurefireBooter.java:997)
2009-07-02 13:27:40,033 ERROR [errorlog] com.eviware.soapui.impl.wsdl.support.xsd.SchemaException
com.eviware.soapui.impl.wsdl.support.xsd.SchemaException
	at com.eviware.soapui.impl.wsdl.support.xsd.SchemaUtils.getSchemas(SchemaUtils.java:476)
	at com.eviware.soapui.impl.wsdl.support.xsd.SchemaUtils.getSchemas(SchemaUtils.java:310)
	at com.eviware.soapui.impl.wsdl.support.xsd.SchemaUtils.loadSchemaTypes(SchemaUtils.java:179)
	at com.eviware.soapui.impl.wsdl.support.SchemaUtilsDefaultNSTestCase.testLoadNS(SchemaUtilsDefaultNSTestCase.java:28)
	at sun.reflect.NativeMethodAccessorImpl.invoke0(Native Method)
	at sun.reflect.NativeMethodAccessorImpl.invoke(NativeMethodAccessorImpl.java:39)
	at sun.reflect.DelegatingMethodAccessorImpl.invoke(DelegatingMethodAccessorImpl.java:25)
	at java.lang.reflect.Method.invoke(Method.java:597)
	at junit.framework.TestCase.runTest(TestCase.java:168)
	at junit.framework.TestCase.runBare(TestCase.java:134)
	at junit.framework.TestResult$1.protect(TestResult.java:110)
	at junit.framework.TestResult.runProtected(TestResult.java:128)
	at junit.framework.TestResult.run(TestResult.java:113)
	at junit.framework.TestCase.run(TestCase.java:124)
	at junit.framework.TestSuite.runTest(TestSuite.java:232)
	at junit.framework.TestSuite.run(TestSuite.java:227)
	at org.junit.internal.runners.JUnit38ClassRunner.run(JUnit38ClassRunner.java:81)
	at org.apache.maven.surefire.junit4.JUnit4TestSet.execute(JUnit4TestSet.java:62)
	at org.apache.maven.surefire.suite.AbstractDirectoryTestSuite.executeTestSet(AbstractDirectoryTestSuite.java:140)
	at org.apache.maven.surefire.suite.AbstractDirectoryTestSuite.execute(AbstractDirectoryTestSuite.java:127)
	at org.apache.maven.surefire.Surefire.run(Surefire.java:177)
	at sun.reflect.NativeMethodAccessorImpl.invoke0(Native Method)
	at sun.reflect.NativeMethodAccessorImpl.invoke(NativeMethodAccessorImpl.java:39)
	at sun.reflect.DelegatingMethodAccessorImpl.invoke(DelegatingMethodAccessorImpl.java:25)
	at java.lang.reflect.Method.invoke(Method.java:597)
	at org.apache.maven.surefire.booter.SurefireBooter.runSuitesInProcess(SurefireBooter.java:338)
	at org.apache.maven.surefire.booter.SurefireBooter.main(SurefireBooter.java:997)
2009-07-02 13:27:41,776 ERROR [errorlog] javax.wsdl.WSDLException: WSDLException (at /html): faultCode=INVALID_WSDL: Expected element '{http://schemas.xmlsoap.org/wsdl/}definitions'.
javax.wsdl.WSDLException: WSDLException (at /html): faultCode=INVALID_WSDL: Expected element '{http://schemas.xmlsoap.org/wsdl/}definitions'.
	at com.ibm.wsdl.xml.WSDLReaderImpl.checkElementName(Unknown Source)
	at com.ibm.wsdl.xml.WSDLReaderImpl.parseDefinitions(Unknown Source)
	at com.ibm.wsdl.xml.WSDLReaderImpl.readWSDL(Unknown Source)
	at com.ibm.wsdl.xml.WSDLReaderImpl.readWSDL(Unknown Source)
	at com.ibm.wsdl.xml.WSDLReaderImpl.readWSDL(Unknown Source)
	at com.ibm.wsdl.xml.WSDLReaderImpl.readWSDL(Unknown Source)
	at com.ibm.wsdl.xml.WSDLReaderImpl.readWSDL(Unknown Source)
	at com.eviware.soapui.impl.wsdl.support.wsdl.WsdlInterfaceDefinition.load(WsdlInterfaceDefinition.java:47)
	at com.eviware.soapui.impl.wsdl.support.wsdl.WsdlContext.loadDefinition(WsdlContext.java:66)
	at com.eviware.soapui.impl.wsdl.support.wsdl.WsdlContext.loadDefinition(WsdlContext.java:30)
	at com.eviware.soapui.impl.support.definition.support.AbstractDefinitionContext.cacheDefinition(AbstractDefinitionContext.java:264)
	at com.eviware.soapui.impl.support.definition.support.AbstractDefinitionContext.access$400(AbstractDefinitionContext.java:44)
	at com.eviware.soapui.impl.support.definition.support.AbstractDefinitionContext$Loader.construct(AbstractDefinitionContext.java:230)
	at com.eviware.soapui.support.swing.SwingWorkerDelegator.construct(SwingWorkerDelegator.java:46)
	at com.eviware.soapui.support.swing.SwingWorker$2.run(SwingWorker.java:140)
	at java.lang.Thread.run(Thread.java:619)
2009-07-02 13:27:41,781 ERROR [errorlog] java.lang.Exception: javax.wsdl.WSDLException: WSDLException (at /html): faultCode=INVALID_WSDL: Expected element '{http://schemas.xmlsoap.org/wsdl/}definitions'.
java.lang.Exception: javax.wsdl.WSDLException: WSDLException (at /html): faultCode=INVALID_WSDL: Expected element '{http://schemas.xmlsoap.org/wsdl/}definitions'.
	at com.eviware.soapui.impl.support.definition.support.AbstractDefinitionContext.load(AbstractDefinitionContext.java:157)
	at com.eviware.soapui.impl.wsdl.support.wsdl.WsdlImporter.importWsdl(WsdlImporter.java:81)
	at com.eviware.soapui.impl.WsdlInterfaceFactory.importWsdl(WsdlInterfaceFactory.java:73)
	at com.eviware.soapui.impl.WsdlInterfaceFactory.importWsdl(WsdlInterfaceFactory.java:55)
	at com.eviware.soapui.impl.wsdl.mocksuite.MockServiceTestCase.testMockOperation(MockServiceTestCase.java:32)
	at sun.reflect.NativeMethodAccessorImpl.invoke0(Native Method)
	at sun.reflect.NativeMethodAccessorImpl.invoke(NativeMethodAccessorImpl.java:39)
	at sun.reflect.DelegatingMethodAccessorImpl.invoke(DelegatingMethodAccessorImpl.java:25)
	at java.lang.reflect.Method.invoke(Method.java:597)
	at junit.framework.TestCase.runTest(TestCase.java:168)
	at junit.framework.TestCase.runBare(TestCase.java:134)
	at junit.framework.TestResult$1.protect(TestResult.java:110)
	at junit.framework.TestResult.runProtected(TestResult.java:128)
	at junit.framework.TestResult.run(TestResult.java:113)
	at junit.framework.TestCase.run(TestCase.java:124)
	at junit.framework.TestSuite.runTest(TestSuite.java:232)
	at junit.framework.TestSuite.run(TestSuite.java:227)
	at org.junit.internal.runners.JUnit38ClassRunner.run(JUnit38ClassRunner.java:81)
	at org.apache.maven.surefire.junit4.JUnit4TestSet.execute(JUnit4TestSet.java:62)
	at org.apache.maven.surefire.suite.AbstractDirectoryTestSuite.executeTestSet(AbstractDirectoryTestSuite.java:140)
	at org.apache.maven.surefire.suite.AbstractDirectoryTestSuite.execute(AbstractDirectoryTestSuite.java:127)
	at org.apache.maven.surefire.Surefire.run(Surefire.java:177)
	at sun.reflect.NativeMethodAccessorImpl.invoke0(Native Method)
	at sun.reflect.NativeMethodAccessorImpl.invoke(NativeMethodAccessorImpl.java:39)
	at sun.reflect.DelegatingMethodAccessorImpl.invoke(DelegatingMethodAccessorImpl.java:25)
	at java.lang.reflect.Method.invoke(Method.java:597)
	at org.apache.maven.surefire.booter.SurefireBooter.runSuitesInProcess(SurefireBooter.java:338)
	at org.apache.maven.surefire.booter.SurefireBooter.main(SurefireBooter.java:997)
Caused by: javax.wsdl.WSDLException: WSDLException (at /html): faultCode=INVALID_WSDL: Expected element '{http://schemas.xmlsoap.org/wsdl/}definitions'.
	at com.ibm.wsdl.xml.WSDLReaderImpl.checkElementName(Unknown Source)
	at com.ibm.wsdl.xml.WSDLReaderImpl.parseDefinitions(Unknown Source)
	at com.ibm.wsdl.xml.WSDLReaderImpl.readWSDL(Unknown Source)
	at com.ibm.wsdl.xml.WSDLReaderImpl.readWSDL(Unknown Source)
	at com.ibm.wsdl.xml.WSDLReaderImpl.readWSDL(Unknown Source)
	at com.ibm.wsdl.xml.WSDLReaderImpl.readWSDL(Unknown Source)
	at com.ibm.wsdl.xml.WSDLReaderImpl.readWSDL(Unknown Source)
	at com.eviware.soapui.impl.wsdl.support.wsdl.WsdlInterfaceDefinition.load(WsdlInterfaceDefinition.java:47)
	at com.eviware.soapui.impl.wsdl.support.wsdl.WsdlContext.loadDefinition(WsdlContext.java:66)
	at com.eviware.soapui.impl.wsdl.support.wsdl.WsdlContext.loadDefinition(WsdlContext.java:30)
	at com.eviware.soapui.impl.support.definition.support.AbstractDefinitionContext.cacheDefinition(AbstractDefinitionContext.java:264)
	at com.eviware.soapui.impl.support.definition.support.AbstractDefinitionContext.access$400(AbstractDefinitionContext.java:44)
	at com.eviware.soapui.impl.support.definition.support.AbstractDefinitionContext$Loader.construct(AbstractDefinitionContext.java:230)
	at com.eviware.soapui.support.swing.SwingWorkerDelegator.construct(SwingWorkerDelegator.java:46)
	at com.eviware.soapui.support.swing.SwingWorker$2.run(SwingWorker.java:140)
	at java.lang.Thread.run(Thread.java:619)
2009-07-02 13:27:43,190 ERROR [errorlog] javax.wsdl.WSDLException: WSDLException (at /html): faultCode=INVALID_WSDL: Expected element '{http://schemas.xmlsoap.org/wsdl/}definitions'.
javax.wsdl.WSDLException: WSDLException (at /html): faultCode=INVALID_WSDL: Expected element '{http://schemas.xmlsoap.org/wsdl/}definitions'.
	at com.ibm.wsdl.xml.WSDLReaderImpl.checkElementName(Unknown Source)
	at com.ibm.wsdl.xml.WSDLReaderImpl.parseDefinitions(Unknown Source)
	at com.ibm.wsdl.xml.WSDLReaderImpl.readWSDL(Unknown Source)
	at com.ibm.wsdl.xml.WSDLReaderImpl.readWSDL(Unknown Source)
	at com.ibm.wsdl.xml.WSDLReaderImpl.readWSDL(Unknown Source)
	at com.ibm.wsdl.xml.WSDLReaderImpl.readWSDL(Unknown Source)
	at com.ibm.wsdl.xml.WSDLReaderImpl.readWSDL(Unknown Source)
	at com.eviware.soapui.impl.wsdl.support.wsdl.WsdlInterfaceDefinition.load(WsdlInterfaceDefinition.java:47)
	at com.eviware.soapui.impl.wsdl.support.wsdl.WsdlContext.loadDefinition(WsdlContext.java:66)
	at com.eviware.soapui.impl.wsdl.support.wsdl.WsdlContext.loadDefinition(WsdlContext.java:30)
	at com.eviware.soapui.impl.support.definition.support.AbstractDefinitionContext.cacheDefinition(AbstractDefinitionContext.java:264)
	at com.eviware.soapui.impl.support.definition.support.AbstractDefinitionContext.access$400(AbstractDefinitionContext.java:44)
	at com.eviware.soapui.impl.support.definition.support.AbstractDefinitionContext$Loader.construct(AbstractDefinitionContext.java:230)
	at com.eviware.soapui.support.swing.SwingWorkerDelegator.construct(SwingWorkerDelegator.java:46)
	at com.eviware.soapui.support.swing.SwingWorker$2.run(SwingWorker.java:140)
	at java.lang.Thread.run(Thread.java:619)
2009-07-02 13:27:44,520 ERROR [errorlog] java.io.FileNotFoundException: /home/pnw/soapui/trunk/core/src\test-resources\test1\TestService.wsdl (No such file or directory)
java.io.FileNotFoundException: /home/pnw/soapui/trunk/core/src\test-resources\test1\TestService.wsdl (No such file or directory)
	at java.io.FileInputStream.open(Native Method)
	at java.io.FileInputStream.<init>(FileInputStream.java:106)
	at java.io.FileInputStream.<init>(FileInputStream.java:66)
	at sun.net.www.protocol.file.FileURLConnection.connect(FileURLConnection.java:70)
	at sun.net.www.protocol.file.FileURLConnection.getInputStream(FileURLConnection.java:161)
	at java.net.URL.openStream(URL.java:1009)
	at com.eviware.soapui.impl.wsdl.support.wsdl.UrlWsdlLoader.handleFile(UrlWsdlLoader.java:187)
	at com.eviware.soapui.impl.wsdl.support.wsdl.UrlWsdlLoader.load(UrlWsdlLoader.java:120)
	at com.eviware.soapui.impl.wsdl.support.wsdl.WsdlLoader.loadXmlObject(WsdlLoader.java:107)
	at com.eviware.soapui.impl.wsdl.support.xsd.SchemaUtils.getSchemas(SchemaUtils.java:344)
	at com.eviware.soapui.impl.wsdl.support.xsd.SchemaUtils.getSchemas(SchemaUtils.java:310)
	at com.eviware.soapui.impl.wsdl.support.xsd.SchemaUtils.loadSchemaTypes(SchemaUtils.java:179)
	at com.eviware.soapui.impl.wsdl.support.SchemaUtilsTestCase.validate(SchemaUtilsTestCase.java:107)
	at com.eviware.soapui.impl.wsdl.support.SchemaUtilsTestCase.testFileImport(SchemaUtilsTestCase.java:30)
	at sun.reflect.NativeMethodAccessorImpl.invoke0(Native Method)
	at sun.reflect.NativeMethodAccessorImpl.invoke(NativeMethodAccessorImpl.java:39)
	at sun.reflect.DelegatingMethodAccessorImpl.invoke(DelegatingMethodAccessorImpl.java:25)
	at java.lang.reflect.Method.invoke(Method.java:597)
	at junit.framework.TestCase.runTest(TestCase.java:168)
	at junit.framework.TestCase.runBare(TestCase.java:134)
	at junit.framework.TestResult$1.protect(TestResult.java:110)
	at junit.framework.TestResult.runProtected(TestResult.java:128)
	at junit.framework.TestResult.run(TestResult.java:113)
	at junit.framework.TestCase.run(TestCase.java:124)
	at junit.framework.TestSuite.runTest(TestSuite.java:232)
	at junit.framework.TestSuite.run(TestSuite.java:227)
	at org.junit.internal.runners.JUnit38ClassRunner.run(JUnit38ClassRunner.java:81)
	at org.apache.maven.surefire.junit4.JUnit4TestSet.execute(JUnit4TestSet.java:62)
	at org.apache.maven.surefire.suite.AbstractDirectoryTestSuite.executeTestSet(AbstractDirectoryTestSuite.java:140)
	at org.apache.maven.surefire.suite.AbstractDirectoryTestSuite.execute(AbstractDirectoryTestSuite.java:127)
	at org.apache.maven.surefire.Surefire.run(Surefire.java:177)
	at sun.reflect.NativeMethodAccessorImpl.invoke0(Native Method)
	at sun.reflect.NativeMethodAccessorImpl.invoke(NativeMethodAccessorImpl.java:39)
	at sun.reflect.DelegatingMethodAccessorImpl.invoke(DelegatingMethodAccessorImpl.java:25)
	at java.lang.reflect.Method.invoke(Method.java:597)
	at org.apache.maven.surefire.booter.SurefireBooter.runSuitesInProcess(SurefireBooter.java:338)
	at org.apache.maven.surefire.booter.SurefireBooter.main(SurefireBooter.java:997)
2009-07-02 13:27:44,530 ERROR [errorlog] com.eviware.soapui.impl.wsdl.support.xsd.SchemaException
com.eviware.soapui.impl.wsdl.support.xsd.SchemaException
	at com.eviware.soapui.impl.wsdl.support.xsd.SchemaUtils.getSchemas(SchemaUtils.java:476)
	at com.eviware.soapui.impl.wsdl.support.xsd.SchemaUtils.getSchemas(SchemaUtils.java:310)
	at com.eviware.soapui.impl.wsdl.support.xsd.SchemaUtils.loadSchemaTypes(SchemaUtils.java:179)
	at com.eviware.soapui.impl.wsdl.support.SchemaUtilsTestCase.validate(SchemaUtilsTestCase.java:107)
	at com.eviware.soapui.impl.wsdl.support.SchemaUtilsTestCase.testFileImport(SchemaUtilsTestCase.java:30)
	at sun.reflect.NativeMethodAccessorImpl.invoke0(Native Method)
	at sun.reflect.NativeMethodAccessorImpl.invoke(NativeMethodAccessorImpl.java:39)
	at sun.reflect.DelegatingMethodAccessorImpl.invoke(DelegatingMethodAccessorImpl.java:25)
	at java.lang.reflect.Method.invoke(Method.java:597)
	at junit.framework.TestCase.runTest(TestCase.java:168)
	at junit.framework.TestCase.runBare(TestCase.java:134)
	at junit.framework.TestResult$1.protect(TestResult.java:110)
	at junit.framework.TestResult.runProtected(TestResult.java:128)
	at junit.framework.TestResult.run(TestResult.java:113)
	at junit.framework.TestCase.run(TestCase.java:124)
	at junit.framework.TestSuite.runTest(TestSuite.java:232)
	at junit.framework.TestSuite.run(TestSuite.java:227)
	at org.junit.internal.runners.JUnit38ClassRunner.run(JUnit38ClassRunner.java:81)
	at org.apache.maven.surefire.junit4.JUnit4TestSet.execute(JUnit4TestSet.java:62)
	at org.apache.maven.surefire.suite.AbstractDirectoryTestSuite.executeTestSet(AbstractDirectoryTestSuite.java:140)
	at org.apache.maven.surefire.suite.AbstractDirectoryTestSuite.execute(AbstractDirectoryTestSuite.java:127)
	at org.apache.maven.surefire.Surefire.run(Surefire.java:177)
	at sun.reflect.NativeMethodAccessorImpl.invoke0(Native Method)
	at sun.reflect.NativeMethodAccessorImpl.invoke(NativeMethodAccessorImpl.java:39)
	at sun.reflect.DelegatingMethodAccessorImpl.invoke(DelegatingMethodAccessorImpl.java:25)
	at java.lang.reflect.Method.invoke(Method.java:597)
	at org.apache.maven.surefire.booter.SurefireBooter.runSuitesInProcess(SurefireBooter.java:338)
	at org.apache.maven.surefire.booter.SurefireBooter.main(SurefireBooter.java:997)
2009-07-02 13:27:52,721 ERROR [errorlog] java.io.FileNotFoundException: /home/pnw/soapui/trunk/core/src\test-resources\wadl\YahooSearch.wadl (No such file or directory)
java.io.FileNotFoundException: /home/pnw/soapui/trunk/core/src\test-resources\wadl\YahooSearch.wadl (No such file or directory)
	at java.io.FileInputStream.open(Native Method)
	at java.io.FileInputStream.<init>(FileInputStream.java:106)
	at java.io.FileInputStream.<init>(FileInputStream.java:66)
	at sun.net.www.protocol.file.FileURLConnection.connect(FileURLConnection.java:70)
	at sun.net.www.protocol.file.FileURLConnection.getInputStream(FileURLConnection.java:161)
	at org.apache.xmlbeans.impl.schema.SchemaTypeLoaderBase.parse(SchemaTypeLoaderBase.java:308)
	at org.apache.xmlbeans.XmlObject$Factory.parse(XmlObject.java:657)
	at com.eviware.soapui.impl.wsdl.support.UrlSchemaLoader.loadXmlObject(UrlSchemaLoader.java:33)
	at com.eviware.soapui.impl.wsdl.support.xsd.SchemaUtils.getSchemas(SchemaUtils.java:344)
	at com.eviware.soapui.impl.wsdl.support.xsd.SchemaUtils.getSchemas(SchemaUtils.java:310)
	at com.eviware.soapui.impl.wsdl.support.xsd.SchemaUtils.loadSchemaTypes(SchemaUtils.java:179)
	at com.eviware.soapui.impl.wsdl.support.SchemaUtilsTestCase.testWadlImport(SchemaUtilsTestCase.java:122)
	at sun.reflect.NativeMethodAccessorImpl.invoke0(Native Method)
	at sun.reflect.NativeMethodAccessorImpl.invoke(NativeMethodAccessorImpl.java:39)
	at sun.reflect.DelegatingMethodAccessorImpl.invoke(DelegatingMethodAccessorImpl.java:25)
	at java.lang.reflect.Method.invoke(Method.java:597)
	at junit.framework.TestCase.runTest(TestCase.java:168)
	at junit.framework.TestCase.runBare(TestCase.java:134)
	at junit.framework.TestResult$1.protect(TestResult.java:110)
	at junit.framework.TestResult.runProtected(TestResult.java:128)
	at junit.framework.TestResult.run(TestResult.java:113)
	at junit.framework.TestCase.run(TestCase.java:124)
	at junit.framework.TestSuite.runTest(TestSuite.java:232)
	at junit.framework.TestSuite.run(TestSuite.java:227)
	at org.junit.internal.runners.JUnit38ClassRunner.run(JUnit38ClassRunner.java:81)
	at org.apache.maven.surefire.junit4.JUnit4TestSet.execute(JUnit4TestSet.java:62)
	at org.apache.maven.surefire.suite.AbstractDirectoryTestSuite.executeTestSet(AbstractDirectoryTestSuite.java:140)
	at org.apache.maven.surefire.suite.AbstractDirectoryTestSuite.execute(AbstractDirectoryTestSuite.java:127)
	at org.apache.maven.surefire.Surefire.run(Surefire.java:177)
	at sun.reflect.NativeMethodAccessorImpl.invoke0(Native Method)
	at sun.reflect.NativeMethodAccessorImpl.invoke(NativeMethodAccessorImpl.java:39)
	at sun.reflect.DelegatingMethodAccessorImpl.invoke(DelegatingMethodAccessorImpl.java:25)
	at java.lang.reflect.Method.invoke(Method.java:597)
	at org.apache.maven.surefire.booter.SurefireBooter.runSuitesInProcess(SurefireBooter.java:338)
	at org.apache.maven.surefire.booter.SurefireBooter.main(SurefireBooter.java:997)
2009-07-02 13:27:52,735 ERROR [errorlog] com.eviware.soapui.impl.wsdl.support.xsd.SchemaException
com.eviware.soapui.impl.wsdl.support.xsd.SchemaException
	at com.eviware.soapui.impl.wsdl.support.xsd.SchemaUtils.getSchemas(SchemaUtils.java:476)
	at com.eviware.soapui.impl.wsdl.support.xsd.SchemaUtils.getSchemas(SchemaUtils.java:310)
	at com.eviware.soapui.impl.wsdl.support.xsd.SchemaUtils.loadSchemaTypes(SchemaUtils.java:179)
	at com.eviware.soapui.impl.wsdl.support.SchemaUtilsTestCase.testWadlImport(SchemaUtilsTestCase.java:122)
	at sun.reflect.NativeMethodAccessorImpl.invoke0(Native Method)
	at sun.reflect.NativeMethodAccessorImpl.invoke(NativeMethodAccessorImpl.java:39)
	at sun.reflect.DelegatingMethodAccessorImpl.invoke(DelegatingMethodAccessorImpl.java:25)
	at java.lang.reflect.Method.invoke(Method.java:597)
	at junit.framework.TestCase.runTest(TestCase.java:168)
	at junit.framework.TestCase.runBare(TestCase.java:134)
	at junit.framework.TestResult$1.protect(TestResult.java:110)
	at junit.framework.TestResult.runProtected(TestResult.java:128)
	at junit.framework.TestResult.run(TestResult.java:113)
	at junit.framework.TestCase.run(TestCase.java:124)
	at junit.framework.TestSuite.runTest(TestSuite.java:232)
	at junit.framework.TestSuite.run(TestSuite.java:227)
	at org.junit.internal.runners.JUnit38ClassRunner.run(JUnit38ClassRunner.java:81)
	at org.apache.maven.surefire.junit4.JUnit4TestSet.execute(JUnit4TestSet.java:62)
	at org.apache.maven.surefire.suite.AbstractDirectoryTestSuite.executeTestSet(AbstractDirectoryTestSuite.java:140)
	at org.apache.maven.surefire.suite.AbstractDirectoryTestSuite.execute(AbstractDirectoryTestSuite.java:127)
	at org.apache.maven.surefire.Surefire.run(Surefire.java:177)
	at sun.reflect.NativeMethodAccessorImpl.invoke0(Native Method)
	at sun.reflect.NativeMethodAccessorImpl.invoke(NativeMethodAccessorImpl.java:39)
	at sun.reflect.DelegatingMethodAccessorImpl.invoke(DelegatingMethodAccessorImpl.java:25)
	at java.lang.reflect.Method.invoke(Method.java:597)
	at org.apache.maven.surefire.booter.SurefireBooter.runSuitesInProcess(SurefireBooter.java:338)
	at org.apache.maven.surefire.booter.SurefireBooter.main(SurefireBooter.java:997)
2009-07-02 13:27:54,718 ERROR [errorlog] javax.wsdl.WSDLException: WSDLException (at /html): faultCode=INVALID_WSDL: Expected element '{http://schemas.xmlsoap.org/wsdl/}definitions'.
javax.wsdl.WSDLException: WSDLException (at /html): faultCode=INVALID_WSDL: Expected element '{http://schemas.xmlsoap.org/wsdl/}definitions'.
	at com.ibm.wsdl.xml.WSDLReaderImpl.checkElementName(Unknown Source)
	at com.ibm.wsdl.xml.WSDLReaderImpl.parseDefinitions(Unknown Source)
	at com.ibm.wsdl.xml.WSDLReaderImpl.readWSDL(Unknown Source)
	at com.ibm.wsdl.xml.WSDLReaderImpl.readWSDL(Unknown Source)
	at com.ibm.wsdl.xml.WSDLReaderImpl.readWSDL(Unknown Source)
	at com.ibm.wsdl.xml.WSDLReaderImpl.readWSDL(Unknown Source)
	at com.ibm.wsdl.xml.WSDLReaderImpl.readWSDL(Unknown Source)
	at com.eviware.soapui.impl.wsdl.support.wsdl.WsdlInterfaceDefinition.load(WsdlInterfaceDefinition.java:47)
	at com.eviware.soapui.impl.wsdl.support.wsdl.WsdlContext.loadDefinition(WsdlContext.java:66)
	at com.eviware.soapui.impl.wsdl.support.wsdl.WsdlContext.loadDefinition(WsdlContext.java:30)
	at com.eviware.soapui.impl.support.definition.support.AbstractDefinitionContext.cacheDefinition(AbstractDefinitionContext.java:264)
	at com.eviware.soapui.impl.support.definition.support.AbstractDefinitionContext.access$400(AbstractDefinitionContext.java:44)
	at com.eviware.soapui.impl.support.definition.support.AbstractDefinitionContext$Loader.construct(AbstractDefinitionContext.java:230)
	at com.eviware.soapui.support.swing.SwingWorkerDelegator.construct(SwingWorkerDelegator.java:46)
	at com.eviware.soapui.support.swing.SwingWorker$2.run(SwingWorker.java:140)
	at java.lang.Thread.run(Thread.java:619)
2009-07-02 13:27:54,856 ERROR [errorlog] javax.wsdl.WSDLException: WSDLException (at /html): faultCode=INVALID_WSDL: Expected element '{http://schemas.xmlsoap.org/wsdl/}definitions'.
javax.wsdl.WSDLException: WSDLException (at /html): faultCode=INVALID_WSDL: Expected element '{http://schemas.xmlsoap.org/wsdl/}definitions'.
	at com.ibm.wsdl.xml.WSDLReaderImpl.checkElementName(Unknown Source)
	at com.ibm.wsdl.xml.WSDLReaderImpl.parseDefinitions(Unknown Source)
	at com.ibm.wsdl.xml.WSDLReaderImpl.readWSDL(Unknown Source)
	at com.ibm.wsdl.xml.WSDLReaderImpl.readWSDL(Unknown Source)
	at com.ibm.wsdl.xml.WSDLReaderImpl.readWSDL(Unknown Source)
	at com.ibm.wsdl.xml.WSDLReaderImpl.readWSDL(Unknown Source)
	at com.ibm.wsdl.xml.WSDLReaderImpl.readWSDL(Unknown Source)
	at com.eviware.soapui.impl.wsdl.support.wsdl.WsdlInterfaceDefinition.load(WsdlInterfaceDefinition.java:47)
	at com.eviware.soapui.impl.wsdl.support.wsdl.WsdlContext.loadDefinition(WsdlContext.java:66)
	at com.eviware.soapui.impl.wsdl.support.wsdl.WsdlContext.loadDefinition(WsdlContext.java:30)
	at com.eviware.soapui.impl.support.definition.support.AbstractDefinitionContext.cacheDefinition(AbstractDefinitionContext.java:264)
	at com.eviware.soapui.impl.support.definition.support.AbstractDefinitionContext.access$400(AbstractDefinitionContext.java:44)
	at com.eviware.soapui.impl.support.definition.support.AbstractDefinitionContext$Loader.construct(AbstractDefinitionContext.java:230)
	at com.eviware.soapui.support.swing.SwingWorkerDelegator.construct(SwingWorkerDelegator.java:46)
	at com.eviware.soapui.support.swing.SwingWorker$2.run(SwingWorker.java:140)
	at java.lang.Thread.run(Thread.java:619)
2009-07-02 13:27:54,980 ERROR [errorlog] javax.wsdl.WSDLException: WSDLException (at /html): faultCode=INVALID_WSDL: Expected element '{http://schemas.xmlsoap.org/wsdl/}definitions'.
javax.wsdl.WSDLException: WSDLException (at /html): faultCode=INVALID_WSDL: Expected element '{http://schemas.xmlsoap.org/wsdl/}definitions'.
	at com.ibm.wsdl.xml.WSDLReaderImpl.checkElementName(Unknown Source)
	at com.ibm.wsdl.xml.WSDLReaderImpl.parseDefinitions(Unknown Source)
	at com.ibm.wsdl.xml.WSDLReaderImpl.readWSDL(Unknown Source)
	at com.ibm.wsdl.xml.WSDLReaderImpl.readWSDL(Unknown Source)
	at com.ibm.wsdl.xml.WSDLReaderImpl.readWSDL(Unknown Source)
	at com.ibm.wsdl.xml.WSDLReaderImpl.readWSDL(Unknown Source)
	at com.ibm.wsdl.xml.WSDLReaderImpl.readWSDL(Unknown Source)
	at com.eviware.soapui.impl.wsdl.support.wsdl.WsdlInterfaceDefinition.load(WsdlInterfaceDefinition.java:47)
	at com.eviware.soapui.impl.wsdl.support.wsdl.WsdlContext.loadDefinition(WsdlContext.java:66)
	at com.eviware.soapui.impl.wsdl.support.wsdl.WsdlContext.loadDefinition(WsdlContext.java:30)
	at com.eviware.soapui.impl.support.definition.support.AbstractDefinitionContext.cacheDefinition(AbstractDefinitionContext.java:264)
	at com.eviware.soapui.impl.support.definition.support.AbstractDefinitionContext.access$400(AbstractDefinitionContext.java:44)
	at com.eviware.soapui.impl.support.definition.support.AbstractDefinitionContext$Loader.construct(AbstractDefinitionContext.java:230)
	at com.eviware.soapui.support.swing.SwingWorkerDelegator.construct(SwingWorkerDelegator.java:46)
	at com.eviware.soapui.support.swing.SwingWorker$2.run(SwingWorker.java:140)
	at java.lang.Thread.run(Thread.java:619)
2009-07-02 13:27:54,996 ERROR [errorlog] java.lang.Exception: javax.wsdl.WSDLException: WSDLException (at /html): faultCode=INVALID_WSDL: Expected element '{http://schemas.xmlsoap.org/wsdl/}definitions'.
java.lang.Exception: javax.wsdl.WSDLException: WSDLException (at /html): faultCode=INVALID_WSDL: Expected element '{http://schemas.xmlsoap.org/wsdl/}definitions'.
	at com.eviware.soapui.impl.support.definition.support.AbstractDefinitionContext.load(AbstractDefinitionContext.java:157)
	at com.eviware.soapui.impl.wsdl.support.wsdl.WsdlImporter.importWsdl(WsdlImporter.java:81)
	at com.eviware.soapui.impl.WsdlInterfaceFactory.importWsdl(WsdlInterfaceFactory.java:73)
	at com.eviware.soapui.impl.WsdlInterfaceFactory.importWsdl(WsdlInterfaceFactory.java:55)
	at com.eviware.soapui.impl.wsdl.teststeps.MockResponseStepTestCase.testMockResponseStep(MockResponseStepTestCase.java:41)
	at sun.reflect.NativeMethodAccessorImpl.invoke0(Native Method)
	at sun.reflect.NativeMethodAccessorImpl.invoke(NativeMethodAccessorImpl.java:39)
	at sun.reflect.DelegatingMethodAccessorImpl.invoke(DelegatingMethodAccessorImpl.java:25)
	at java.lang.reflect.Method.invoke(Method.java:597)
	at junit.framework.TestCase.runTest(TestCase.java:168)
	at junit.framework.TestCase.runBare(TestCase.java:134)
	at junit.framework.TestResult$1.protect(TestResult.java:110)
	at junit.framework.TestResult.runProtected(TestResult.java:128)
	at junit.framework.TestResult.run(TestResult.java:113)
	at junit.framework.TestCase.run(TestCase.java:124)
	at junit.framework.TestSuite.runTest(TestSuite.java:232)
	at junit.framework.TestSuite.run(TestSuite.java:227)
	at org.junit.internal.runners.JUnit38ClassRunner.run(JUnit38ClassRunner.java:81)
	at org.apache.maven.surefire.junit4.JUnit4TestSet.execute(JUnit4TestSet.java:62)
	at org.apache.maven.surefire.suite.AbstractDirectoryTestSuite.executeTestSet(AbstractDirectoryTestSuite.java:140)
	at org.apache.maven.surefire.suite.AbstractDirectoryTestSuite.execute(AbstractDirectoryTestSuite.java:127)
	at org.apache.maven.surefire.Surefire.run(Surefire.java:177)
	at sun.reflect.NativeMethodAccessorImpl.invoke0(Native Method)
	at sun.reflect.NativeMethodAccessorImpl.invoke(NativeMethodAccessorImpl.java:39)
	at sun.reflect.DelegatingMethodAccessorImpl.invoke(DelegatingMethodAccessorImpl.java:25)
	at java.lang.reflect.Method.invoke(Method.java:597)
	at org.apache.maven.surefire.booter.SurefireBooter.runSuitesInProcess(SurefireBooter.java:338)
	at org.apache.maven.surefire.booter.SurefireBooter.main(SurefireBooter.java:997)
Caused by: javax.wsdl.WSDLException: WSDLException (at /html): faultCode=INVALID_WSDL: Expected element '{http://schemas.xmlsoap.org/wsdl/}definitions'.
	at com.ibm.wsdl.xml.WSDLReaderImpl.checkElementName(Unknown Source)
	at com.ibm.wsdl.xml.WSDLReaderImpl.parseDefinitions(Unknown Source)
	at com.ibm.wsdl.xml.WSDLReaderImpl.readWSDL(Unknown Source)
	at com.ibm.wsdl.xml.WSDLReaderImpl.readWSDL(Unknown Source)
	at com.ibm.wsdl.xml.WSDLReaderImpl.readWSDL(Unknown Source)
	at com.ibm.wsdl.xml.WSDLReaderImpl.readWSDL(Unknown Source)
	at com.ibm.wsdl.xml.WSDLReaderImpl.readWSDL(Unknown Source)
	at com.eviware.soapui.impl.wsdl.support.wsdl.WsdlInterfaceDefinition.load(WsdlInterfaceDefinition.java:47)
	at com.eviware.soapui.impl.wsdl.support.wsdl.WsdlContext.loadDefinition(WsdlContext.java:66)
	at com.eviware.soapui.impl.wsdl.support.wsdl.WsdlContext.loadDefinition(WsdlContext.java:30)
	at com.eviware.soapui.impl.support.definition.support.AbstractDefinitionContext.cacheDefinition(AbstractDefinitionContext.java:264)
	at com.eviware.soapui.impl.support.definition.support.AbstractDefinitionContext.access$400(AbstractDefinitionContext.java:44)
	at com.eviware.soapui.impl.support.definition.support.AbstractDefinitionContext$Loader.construct(AbstractDefinitionContext.java:230)
	at com.eviware.soapui.support.swing.SwingWorkerDelegator.construct(SwingWorkerDelegator.java:46)
	at com.eviware.soapui.support.swing.SwingWorker$2.run(SwingWorker.java:140)
	at java.lang.Thread.run(Thread.java:619)
2009-07-02 13:27:55,086 ERROR [errorlog] javax.wsdl.WSDLException: WSDLException (at /html): faultCode=INVALID_WSDL: Expected element '{http://schemas.xmlsoap.org/wsdl/}definitions'.
javax.wsdl.WSDLException: WSDLException (at /html): faultCode=INVALID_WSDL: Expected element '{http://schemas.xmlsoap.org/wsdl/}definitions'.
	at com.ibm.wsdl.xml.WSDLReaderImpl.checkElementName(Unknown Source)
	at com.ibm.wsdl.xml.WSDLReaderImpl.parseDefinitions(Unknown Source)
	at com.ibm.wsdl.xml.WSDLReaderImpl.readWSDL(Unknown Source)
	at com.ibm.wsdl.xml.WSDLReaderImpl.readWSDL(Unknown Source)
	at com.ibm.wsdl.xml.WSDLReaderImpl.readWSDL(Unknown Source)
	at com.ibm.wsdl.xml.WSDLReaderImpl.readWSDL(Unknown Source)
	at com.ibm.wsdl.xml.WSDLReaderImpl.readWSDL(Unknown Source)
	at com.eviware.soapui.impl.wsdl.support.wsdl.WsdlInterfaceDefinition.load(WsdlInterfaceDefinition.java:47)
	at com.eviware.soapui.impl.wsdl.support.wsdl.WsdlContext.loadDefinition(WsdlContext.java:66)
	at com.eviware.soapui.impl.wsdl.support.wsdl.WsdlContext.loadDefinition(WsdlContext.java:30)
	at com.eviware.soapui.impl.support.definition.support.AbstractDefinitionContext.cacheDefinition(AbstractDefinitionContext.java:264)
	at com.eviware.soapui.impl.support.definition.support.AbstractDefinitionContext.access$400(AbstractDefinitionContext.java:44)
	at com.eviware.soapui.impl.support.definition.support.AbstractDefinitionContext$Loader.construct(AbstractDefinitionContext.java:230)
	at com.eviware.soapui.support.swing.SwingWorkerDelegator.construct(SwingWorkerDelegator.java:46)
	at com.eviware.soapui.support.swing.SwingWorker$2.run(SwingWorker.java:140)
	at java.lang.Thread.run(Thread.java:619)
2009-07-02 13:27:55,090 ERROR [errorlog] java.lang.Exception: javax.wsdl.WSDLException: WSDLException (at /html): faultCode=INVALID_WSDL: Expected element '{http://schemas.xmlsoap.org/wsdl/}definitions'.
java.lang.Exception: javax.wsdl.WSDLException: WSDLException (at /html): faultCode=INVALID_WSDL: Expected element '{http://schemas.xmlsoap.org/wsdl/}definitions'.
	at com.eviware.soapui.impl.support.definition.support.AbstractDefinitionContext.load(AbstractDefinitionContext.java:157)
	at com.eviware.soapui.impl.wsdl.support.wsdl.WsdlImporter.importWsdl(WsdlImporter.java:81)
	at com.eviware.soapui.impl.WsdlInterfaceFactory.importWsdl(WsdlInterfaceFactory.java:73)
	at com.eviware.soapui.impl.WsdlInterfaceFactory.importWsdl(WsdlInterfaceFactory.java:55)
	at com.eviware.soapui.impl.wsdl.WsdlRequestTestCase.testRequest(WsdlRequestTestCase.java:28)
	at sun.reflect.NativeMethodAccessorImpl.invoke0(Native Method)
	at sun.reflect.NativeMethodAccessorImpl.invoke(NativeMethodAccessorImpl.java:39)
	at sun.reflect.DelegatingMethodAccessorImpl.invoke(DelegatingMethodAccessorImpl.java:25)
	at java.lang.reflect.Method.invoke(Method.java:597)
	at junit.framework.TestCase.runTest(TestCase.java:168)
	at junit.framework.TestCase.runBare(TestCase.java:134)
	at junit.framework.TestResult$1.protect(TestResult.java:110)
	at junit.framework.TestResult.runProtected(TestResult.java:128)
	at junit.framework.TestResult.run(TestResult.java:113)
	at junit.framework.TestCase.run(TestCase.java:124)
	at junit.framework.TestSuite.runTest(TestSuite.java:232)
	at junit.framework.TestSuite.run(TestSuite.java:227)
	at org.junit.internal.runners.JUnit38ClassRunner.run(JUnit38ClassRunner.java:81)
	at org.apache.maven.surefire.junit4.JUnit4TestSet.execute(JUnit4TestSet.java:62)
	at org.apache.maven.surefire.suite.AbstractDirectoryTestSuite.executeTestSet(AbstractDirectoryTestSuite.java:140)
	at org.apache.maven.surefire.suite.AbstractDirectoryTestSuite.execute(AbstractDirectoryTestSuite.java:127)
	at org.apache.maven.surefire.Surefire.run(Surefire.java:177)
	at sun.reflect.NativeMethodAccessorImpl.invoke0(Native Method)
	at sun.reflect.NativeMethodAccessorImpl.invoke(NativeMethodAccessorImpl.java:39)
	at sun.reflect.DelegatingMethodAccessorImpl.invoke(DelegatingMethodAccessorImpl.java:25)
	at java.lang.reflect.Method.invoke(Method.java:597)
	at org.apache.maven.surefire.booter.SurefireBooter.runSuitesInProcess(SurefireBooter.java:338)
	at org.apache.maven.surefire.booter.SurefireBooter.main(SurefireBooter.java:997)
Caused by: javax.wsdl.WSDLException: WSDLException (at /html): faultCode=INVALID_WSDL: Expected element '{http://schemas.xmlsoap.org/wsdl/}definitions'.
	at com.ibm.wsdl.xml.WSDLReaderImpl.checkElementName(Unknown Source)
	at com.ibm.wsdl.xml.WSDLReaderImpl.parseDefinitions(Unknown Source)
	at com.ibm.wsdl.xml.WSDLReaderImpl.readWSDL(Unknown Source)
	at com.ibm.wsdl.xml.WSDLReaderImpl.readWSDL(Unknown Source)
	at com.ibm.wsdl.xml.WSDLReaderImpl.readWSDL(Unknown Source)
	at com.ibm.wsdl.xml.WSDLReaderImpl.readWSDL(Unknown Source)
	at com.ibm.wsdl.xml.WSDLReaderImpl.readWSDL(Unknown Source)
	at com.eviware.soapui.impl.wsdl.support.wsdl.WsdlInterfaceDefinition.load(WsdlInterfaceDefinition.java:47)
	at com.eviware.soapui.impl.wsdl.support.wsdl.WsdlContext.loadDefinition(WsdlContext.java:66)
	at com.eviware.soapui.impl.wsdl.support.wsdl.WsdlContext.loadDefinition(WsdlContext.java:30)
	at com.eviware.soapui.impl.support.definition.support.AbstractDefinitionContext.cacheDefinition(AbstractDefinitionContext.java:264)
	at com.eviware.soapui.impl.support.definition.support.AbstractDefinitionContext.access$400(AbstractDefinitionContext.java:44)
	at com.eviware.soapui.impl.support.definition.support.AbstractDefinitionContext$Loader.construct(AbstractDefinitionContext.java:230)
	at com.eviware.soapui.support.swing.SwingWorkerDelegator.construct(SwingWorkerDelegator.java:46)
	at com.eviware.soapui.support.swing.SwingWorker$2.run(SwingWorker.java:140)
	at java.lang.Thread.run(Thread.java:619)
2009-07-02 13:27:55,145 ERROR [errorlog] java.io.FileNotFoundException: /home/pnw/soapui/trunk/core/src\test-resources\MtomTest.wsdl (No such file or directory)
java.io.FileNotFoundException: /home/pnw/soapui/trunk/core/src\test-resources\MtomTest.wsdl (No such file or directory)
	at java.io.FileInputStream.open(Native Method)
	at java.io.FileInputStream.<init>(FileInputStream.java:106)
	at java.io.FileInputStream.<init>(FileInputStream.java:66)
	at sun.net.www.protocol.file.FileURLConnection.connect(FileURLConnection.java:70)
	at sun.net.www.protocol.file.FileURLConnection.getInputStream(FileURLConnection.java:161)
	at java.net.URL.openStream(URL.java:1009)
	at com.eviware.soapui.impl.wsdl.support.wsdl.UrlWsdlLoader.handleFile(UrlWsdlLoader.java:187)
	at com.eviware.soapui.impl.wsdl.support.wsdl.UrlWsdlLoader.load(UrlWsdlLoader.java:120)
	at com.eviware.soapui.impl.wsdl.support.wsdl.WsdlLoader.loadXmlObject(WsdlLoader.java:107)
	at com.eviware.soapui.impl.wsdl.support.xsd.SchemaUtils.getDefinitionParts(SchemaUtils.java:499)
	at com.eviware.soapui.impl.wsdl.support.xsd.SchemaUtils.getDefinitionParts(SchemaUtils.java:488)
	at com.eviware.soapui.impl.support.definition.support.AbstractDefinitionCache.update(AbstractDefinitionCache.java:95)
	at com.eviware.soapui.impl.support.definition.support.AbstractDefinitionContext$Loader.construct(AbstractDefinitionContext.java:221)
	at com.eviware.soapui.support.swing.SwingWorkerDelegator.construct(SwingWorkerDelegator.java:46)
	at com.eviware.soapui.support.swing.SwingWorker$2.run(SwingWorker.java:140)
	at java.lang.Thread.run(Thread.java:619)
